GowinSynthesis start
Running parser ...
Analyzing Verilog file 'C:\Program1\Gowin\Gowin_V1.9.8_Education\IDE\ipcore\gowin_empu_gw1ns4\data\gowin_empu.v'
Analyzing included file 'C:\Users\17616\Desktop\test\fpga_project\src\gowin_empu\temp\gw_empu\config.v'("C:\Program1\Gowin\Gowin_V1.9.8_Education\IDE\ipcore\gowin_empu_gw1ns4\data\gowin_empu.v":3135)
Back to file 'C:\Program1\Gowin\Gowin_V1.9.8_Education\IDE\ipcore\gowin_empu_gw1ns4\data\gowin_empu.v'("C:\Program1\Gowin\Gowin_V1.9.8_Education\IDE\ipcore\gowin_empu_gw1ns4\data\gowin_empu.v":3135)
Analyzing included file 'C:\Users\17616\Desktop\test\fpga_project\src\gowin_empu\temp\gw_empu\gowin_empu_name.v'("C:\Program1\Gowin\Gowin_V1.9.8_Education\IDE\ipcore\gowin_empu_gw1ns4\data\gowin_empu.v":3135)
Back to file 'C:\Program1\Gowin\Gowin_V1.9.8_Education\IDE\ipcore\gowin_empu_gw1ns4\data\gowin_empu.v'("C:\Program1\Gowin\Gowin_V1.9.8_Education\IDE\ipcore\gowin_empu_gw1ns4\data\gowin_empu.v":3135)
Undeclared symbol '**', assumed default net type '**'("C:\Program1\Gowin\Gowin_V1.9.8_Education\IDE\ipcore\gowin_empu_gw1ns4\data\gowin_empu.v":0)
Undeclared symbol '**', assumed default net type '**'("C:\Program1\Gowin\Gowin_V1.9.8_Education\IDE\ipcore\gowin_empu_gw1ns4\data\gowin_empu.v":0)
Undeclared symbol '**', assumed default net type '**'("C:\Program1\Gowin\Gowin_V1.9.8_Education\IDE\ipcore\gowin_empu_gw1ns4\data\gowin_empu.v":0)
Undeclared symbol '**', assumed default net type '**'("C:\Program1\Gowin\Gowin_V1.9.8_Education\IDE\ipcore\gowin_empu_gw1ns4\data\gowin_empu.v":0)
Undeclared symbol '**', assumed default net type '**'("C:\Program1\Gowin\Gowin_V1.9.8_Education\IDE\ipcore\gowin_empu_gw1ns4\data\gowin_empu.v":0)
Undeclared symbol '**', assumed default net type '**'("C:\Program1\Gowin\Gowin_V1.9.8_Education\IDE\ipcore\gowin_empu_gw1ns4\data\gowin_empu.v":0)
Analyzing Verilog file 'C:\Program1\Gowin\Gowin_V1.9.8_Education\IDE\ipcore\gowin_empu_gw1ns4\data\gowin_empu_top.v'
Analyzing included file 'C:\Users\17616\Desktop\test\fpga_project\src\gowin_empu\temp\gw_empu\gowin_empu_name.v'("C:\Program1\Gowin\Gowin_V1.9.8_Education\IDE\ipcore\gowin_empu_gw1ns4\data\gowin_empu_top.v":1)
Back to file 'C:\Program1\Gowin\Gowin_V1.9.8_Education\IDE\ipcore\gowin_empu_gw1ns4\data\gowin_empu_top.v'("C:\Program1\Gowin\Gowin_V1.9.8_Education\IDE\ipcore\gowin_empu_gw1ns4\data\gowin_empu_top.v":1)
Analyzing included file 'C:\Users\17616\Desktop\test\fpga_project\src\gowin_empu\temp\gw_empu\config.v'("C:\Program1\Gowin\Gowin_V1.9.8_Education\IDE\ipcore\gowin_empu_gw1ns4\data\gowin_empu_top.v":2)
Back to file 'C:\Program1\Gowin\Gowin_V1.9.8_Education\IDE\ipcore\gowin_empu_gw1ns4\data\gowin_empu_top.v'("C:\Program1\Gowin\Gowin_V1.9.8_Education\IDE\ipcore\gowin_empu_gw1ns4\data\gowin_empu_top.v":2)
Compiling module 'Gowin_EMPU_Top'("C:\Program1\Gowin\Gowin_V1.9.8_Education\IDE\ipcore\gowin_empu_gw1ns4\data\gowin_empu_top.v":3)
WARN  (EX3073) : Port '**' remains unconnected for this instance("C:\Program1\Gowin\Gowin_V1.9.8_Education\IDE\ipcore\gowin_empu_gw1ns4\data\gowin_empu.v":0)
WARN  (EX2565) : Port '**' is not connected on this instance("C:\Program1\Gowin\Gowin_V1.9.8_Education\IDE\ipcore\gowin_empu_gw1ns4\data\gowin_empu.v":0)
WARN  (EX2565) : Port '**' is not connected on this instance("C:\Program1\Gowin\Gowin_V1.9.8_Education\IDE\ipcore\gowin_empu_gw1ns4\data\gowin_empu.v":0)
WARN  (EX2565) : Port '**' is not connected on this instance("C:\Program1\Gowin\Gowin_V1.9.8_Education\IDE\ipcore\gowin_empu_gw1ns4\data\gowin_empu.v":0)
Compiling module '**'("C:\Program1\Gowin\Gowin_V1.9.8_Education\IDE\ipcore\gowin_empu_gw1ns4\data\gowin_empu.v":0)
Compiling module '**'("C:\Program1\Gowin\Gowin_V1.9.8_Education\IDE\ipcore\gowin_empu_gw1ns4\data\gowin_empu.v":0)
WARN  (EX3670) : Actual bit length ** differs from formal bit length ** for port '**'("C:\Program1\Gowin\Gowin_V1.9.8_Education\IDE\ipcore\gowin_empu_gw1ns4\data\gowin_empu.v":0)
Compiling module '**'("C:\Program1\Gowin\Gowin_V1.9.8_Education\IDE\ipcore\gowin_empu_gw1ns4\data\gowin_empu.v":0)
Compiling module '**'("C:\Program1\Gowin\Gowin_V1.9.8_Education\IDE\ipcore\gowin_empu_gw1ns4\data\gowin_empu.v":0)
Compiling module '**'("C:\Program1\Gowin\Gowin_V1.9.8_Education\IDE\ipcore\gowin_empu_gw1ns4\data\gowin_empu.v":0)
WARN  (EX3670) : Actual bit length ** differs from formal bit length ** for port '**'("C:\Program1\Gowin\Gowin_V1.9.8_Education\IDE\ipcore\gowin_empu_gw1ns4\data\gowin_empu.v":0)
Compiling module '**'("C:\Program1\Gowin\Gowin_V1.9.8_Education\IDE\ipcore\gowin_empu_gw1ns4\data\gowin_empu.v":0)
WARN  (EX3670) : Actual bit length ** differs from formal bit length ** for port '**'("C:\Program1\Gowin\Gowin_V1.9.8_Education\IDE\ipcore\gowin_empu_gw1ns4\data\gowin_empu.v":0)
WARN  (EX3670) : Actual bit length ** differs from formal bit length ** for port '**'("C:\Program1\Gowin\Gowin_V1.9.8_Education\IDE\ipcore\gowin_empu_gw1ns4\data\gowin_empu.v":0)
WARN  (EX3670) : Actual bit length ** differs from formal bit length ** for port '**'("C:\Program1\Gowin\Gowin_V1.9.8_Education\IDE\ipcore\gowin_empu_gw1ns4\data\gowin_empu.v":0)
WARN  (EX3670) : Actual bit length ** differs from formal bit length ** for port '**'("C:\Program1\Gowin\Gowin_V1.9.8_Education\IDE\ipcore\gowin_empu_gw1ns4\data\gowin_empu.v":0)
WARN  (EX3670) : Actual bit length ** differs from formal bit length ** for port '**'("C:\Program1\Gowin\Gowin_V1.9.8_Education\IDE\ipcore\gowin_empu_gw1ns4\data\gowin_empu.v":0)
WARN  (EX3670) : Actual bit length ** differs from formal bit length ** for port '**'("C:\Program1\Gowin\Gowin_V1.9.8_Education\IDE\ipcore\gowin_empu_gw1ns4\data\gowin_empu.v":0)
WARN  (EX3670) : Actual bit length ** differs from formal bit length ** for port '**'("C:\Program1\Gowin\Gowin_V1.9.8_Education\IDE\ipcore\gowin_empu_gw1ns4\data\gowin_empu.v":0)
WARN  (EX3670) : Actual bit length ** differs from formal bit length ** for port '**'("C:\Program1\Gowin\Gowin_V1.9.8_Education\IDE\ipcore\gowin_empu_gw1ns4\data\gowin_empu.v":0)
Compiling module '**'("C:\Program1\Gowin\Gowin_V1.9.8_Education\IDE\ipcore\gowin_empu_gw1ns4\data\gowin_empu.v":0)
Compiling module '**'("C:\Program1\Gowin\Gowin_V1.9.8_Education\IDE\ipcore\gowin_empu_gw1ns4\data\gowin_empu.v":0)
Compiling module '**'("C:\Program1\Gowin\Gowin_V1.9.8_Education\IDE\ipcore\gowin_empu_gw1ns4\data\gowin_empu.v":0)
Compiling module '**'("C:\Program1\Gowin\Gowin_V1.9.8_Education\IDE\ipcore\gowin_empu_gw1ns4\data\gowin_empu.v":0)
WARN  (EX1998) : Net '**' does not have a driver("C:\Program1\Gowin\Gowin_V1.9.8_Education\IDE\ipcore\gowin_empu_gw1ns4\data\gowin_empu.v":0)
WARN  (EX1947) : Input port '**' remains unconnected for this instance("C:\Program1\Gowin\Gowin_V1.9.8_Education\IDE\ipcore\gowin_empu_gw1ns4\data\gowin_empu.v":0)
WARN  (EX1947) : Input port '**' remains unconnected for this instance("C:\Program1\Gowin\Gowin_V1.9.8_Education\IDE\ipcore\gowin_empu_gw1ns4\data\gowin_empu.v":0)
WARN  (EX1947) : Input port '**' remains unconnected for this instance("C:\Program1\Gowin\Gowin_V1.9.8_Education\IDE\ipcore\gowin_empu_gw1ns4\data\gowin_empu.v":0)
WARN  (EX1947) : Input port '**' remains unconnected for this instance("C:\Program1\Gowin\Gowin_V1.9.8_Education\IDE\ipcore\gowin_empu_gw1ns4\data\gowin_empu.v":0)
WARN  (EX1947) : Input port '**' remains unconnected for this instance("C:\Program1\Gowin\Gowin_V1.9.8_Education\IDE\ipcore\gowin_empu_gw1ns4\data\gowin_empu.v":0)
WARN  (EX1947) : Input port '**' remains unconnected for this instance("C:\Program1\Gowin\Gowin_V1.9.8_Education\IDE\ipcore\gowin_empu_gw1ns4\data\gowin_empu.v":0)
WARN  (EX1947) : Input port '**' remains unconnected for this instance("C:\Program1\Gowin\Gowin_V1.9.8_Education\IDE\ipcore\gowin_empu_gw1ns4\data\gowin_empu.v":0)
WARN  (EX1947) : Input port '**' remains unconnected for this instance("C:\Program1\Gowin\Gowin_V1.9.8_Education\IDE\ipcore\gowin_empu_gw1ns4\data\gowin_empu.v":0)
WARN  (EX1947) : Input port '**' remains unconnected for this instance("C:\Program1\Gowin\Gowin_V1.9.8_Education\IDE\ipcore\gowin_empu_gw1ns4\data\gowin_empu.v":0)
WARN  (EX1947) : Input port '**' remains unconnected for this instance("C:\Program1\Gowin\Gowin_V1.9.8_Education\IDE\ipcore\gowin_empu_gw1ns4\data\gowin_empu.v":0)
WARN  (EX1947) : Input port '**' remains unconnected for this instance("C:\Program1\Gowin\Gowin_V1.9.8_Education\IDE\ipcore\gowin_empu_gw1ns4\data\gowin_empu.v":0)
WARN  (EX1947) : Input port '**' remains unconnected for this instance("C:\Program1\Gowin\Gowin_V1.9.8_Education\IDE\ipcore\gowin_empu_gw1ns4\data\gowin_empu.v":0)
WARN  (EX1947) : Input port '**' remains unconnected for this instance("C:\Program1\Gowin\Gowin_V1.9.8_Education\IDE\ipcore\gowin_empu_gw1ns4\data\gowin_empu.v":0)
WARN  (EX1947) : Input port '**' remains unconnected for this instance("C:\Program1\Gowin\Gowin_V1.9.8_Education\IDE\ipcore\gowin_empu_gw1ns4\data\gowin_empu.v":0)
WARN  (EX1947) : Input port '**' remains unconnected for this instance("C:\Program1\Gowin\Gowin_V1.9.8_Education\IDE\ipcore\gowin_empu_gw1ns4\data\gowin_empu.v":0)
WARN  (EX1947) : Input port '**' remains unconnected for this instance("C:\Program1\Gowin\Gowin_V1.9.8_Education\IDE\ipcore\gowin_empu_gw1ns4\data\gowin_empu.v":0)
WARN  (EX1947) : Input port '**' remains unconnected for this instance("C:\Program1\Gowin\Gowin_V1.9.8_Education\IDE\ipcore\gowin_empu_gw1ns4\data\gowin_empu.v":0)
WARN  (EX1947) : Input port '**' remains unconnected for this instance("C:\Program1\Gowin\Gowin_V1.9.8_Education\IDE\ipcore\gowin_empu_gw1ns4\data\gowin_empu.v":0)
WARN  (EX1947) : Input port '**' remains unconnected for this instance("C:\Program1\Gowin\Gowin_V1.9.8_Education\IDE\ipcore\gowin_empu_gw1ns4\data\gowin_empu.v":0)
WARN  (EX1947) : Input port '**' remains unconnected for this instance("C:\Program1\Gowin\Gowin_V1.9.8_Education\IDE\ipcore\gowin_empu_gw1ns4\data\gowin_empu.v":0)
WARN  (EX1947) : Input port '**' remains unconnected for this instance("C:\Program1\Gowin\Gowin_V1.9.8_Education\IDE\ipcore\gowin_empu_gw1ns4\data\gowin_empu.v":0)
WARN  (EX1947) : Input port '**' remains unconnected for this instance("C:\Program1\Gowin\Gowin_V1.9.8_Education\IDE\ipcore\gowin_empu_gw1ns4\data\gowin_empu.v":0)
WARN  (EX1947) : Input port '**' remains unconnected for this instance("C:\Program1\Gowin\Gowin_V1.9.8_Education\IDE\ipcore\gowin_empu_gw1ns4\data\gowin_empu.v":0)
WARN  (EX1947) : Input port '**' remains unconnected for this instance("C:\Program1\Gowin\Gowin_V1.9.8_Education\IDE\ipcore\gowin_empu_gw1ns4\data\gowin_empu.v":0)
WARN  (EX1947) : Input port '**' remains unconnected for this instance("C:\Program1\Gowin\Gowin_V1.9.8_Education\IDE\ipcore\gowin_empu_gw1ns4\data\gowin_empu.v":0)
WARN  (EX1947) : Input port '**' remains unconnected for this instance("C:\Program1\Gowin\Gowin_V1.9.8_Education\IDE\ipcore\gowin_empu_gw1ns4\data\gowin_empu.v":0)
WARN  (EX1947) : Input port '**' remains unconnected for this instance("C:\Program1\Gowin\Gowin_V1.9.8_Education\IDE\ipcore\gowin_empu_gw1ns4\data\gowin_empu.v":0)
WARN  (EX1947) : Input port '**' remains unconnected for this instance("C:\Program1\Gowin\Gowin_V1.9.8_Education\IDE\ipcore\gowin_empu_gw1ns4\data\gowin_empu.v":0)
WARN  (EX1947) : Input port '**' remains unconnected for this instance("C:\Program1\Gowin\Gowin_V1.9.8_Education\IDE\ipcore\gowin_empu_gw1ns4\data\gowin_empu.v":0)
WARN  (EX1947) : Input port '**' remains unconnected for this instance("C:\Program1\Gowin\Gowin_V1.9.8_Education\IDE\ipcore\gowin_empu_gw1ns4\data\gowin_empu.v":0)
WARN  (EX1947) : Input port '**' remains unconnected for this instance("C:\Program1\Gowin\Gowin_V1.9.8_Education\IDE\ipcore\gowin_empu_gw1ns4\data\gowin_empu.v":0)
WARN  (EX1947) : Input port '**' remains unconnected for this instance("C:\Program1\Gowin\Gowin_V1.9.8_Education\IDE\ipcore\gowin_empu_gw1ns4\data\gowin_empu.v":0)
WARN  (EX1947) : Input port '**' remains unconnected for this instance("C:\Program1\Gowin\Gowin_V1.9.8_Education\IDE\ipcore\gowin_empu_gw1ns4\data\gowin_empu.v":0)
WARN  (EX1947) : Input port '**' remains unconnected for this instance("C:\Program1\Gowin\Gowin_V1.9.8_Education\IDE\ipcore\gowin_empu_gw1ns4\data\gowin_empu.v":0)
WARN  (EX1947) : Input port '**' remains unconnected for this instance("C:\Program1\Gowin\Gowin_V1.9.8_Education\IDE\ipcore\gowin_empu_gw1ns4\data\gowin_empu.v":0)
WARN  (EX1947) : Input port '**' remains unconnected for this instance("C:\Program1\Gowin\Gowin_V1.9.8_Education\IDE\ipcore\gowin_empu_gw1ns4\data\gowin_empu.v":0)
WARN  (EX1947) : Input port '**' remains unconnected for this instance("C:\Program1\Gowin\Gowin_V1.9.8_Education\IDE\ipcore\gowin_empu_gw1ns4\data\gowin_empu.v":0)
WARN  (EX1947) : Input port '**' remains unconnected for this instance("C:\Program1\Gowin\Gowin_V1.9.8_Education\IDE\ipcore\gowin_empu_gw1ns4\data\gowin_empu.v":0)
WARN  (EX1947) : Input port '**' remains unconnected for this instance("C:\Program1\Gowin\Gowin_V1.9.8_Education\IDE\ipcore\gowin_empu_gw1ns4\data\gowin_empu.v":0)
WARN  (EX1947) : Input port '**' remains unconnected for this instance("C:\Program1\Gowin\Gowin_V1.9.8_Education\IDE\ipcore\gowin_empu_gw1ns4\data\gowin_empu.v":0)
WARN  (EX1947) : Input port '**' remains unconnected for this instance("C:\Program1\Gowin\Gowin_V1.9.8_Education\IDE\ipcore\gowin_empu_gw1ns4\data\gowin_empu.v":0)
WARN  (EX1947) : Input port '**' remains unconnected for this instance("C:\Program1\Gowin\Gowin_V1.9.8_Education\IDE\ipcore\gowin_empu_gw1ns4\data\gowin_empu.v":0)
WARN  (EX1947) : Input port '**' remains unconnected for this instance("C:\Program1\Gowin\Gowin_V1.9.8_Education\IDE\ipcore\gowin_empu_gw1ns4\data\gowin_empu.v":0)
WARN  (EX1947) : Input port '**' remains unconnected for this instance("C:\Program1\Gowin\Gowin_V1.9.8_Education\IDE\ipcore\gowin_empu_gw1ns4\data\gowin_empu.v":0)
WARN  (EX1947) : Input port '**' remains unconnected for this instance("C:\Program1\Gowin\Gowin_V1.9.8_Education\IDE\ipcore\gowin_empu_gw1ns4\data\gowin_empu.v":0)
WARN  (EX1947) : Input port '**' remains unconnected for this instance("C:\Program1\Gowin\Gowin_V1.9.8_Education\IDE\ipcore\gowin_empu_gw1ns4\data\gowin_empu.v":0)
WARN  (EX1947) : Input port '**' remains unconnected for this instance("C:\Program1\Gowin\Gowin_V1.9.8_Education\IDE\ipcore\gowin_empu_gw1ns4\data\gowin_empu.v":0)
WARN  (EX1947) : Input port '**' remains unconnected for this instance("C:\Program1\Gowin\Gowin_V1.9.8_Education\IDE\ipcore\gowin_empu_gw1ns4\data\gowin_empu.v":0)
WARN  (EX1947) : Input port '**' remains unconnected for this instance("C:\Program1\Gowin\Gowin_V1.9.8_Education\IDE\ipcore\gowin_empu_gw1ns4\data\gowin_empu.v":0)
WARN  (EX1947) : Input port '**' remains unconnected for this instance("C:\Program1\Gowin\Gowin_V1.9.8_Education\IDE\ipcore\gowin_empu_gw1ns4\data\gowin_empu.v":0)
WARN  (EX1947) : Input port '**' remains unconnected for this instance("C:\Program1\Gowin\Gowin_V1.9.8_Education\IDE\ipcore\gowin_empu_gw1ns4\data\gowin_empu.v":0)
WARN  (EX1947) : Input port '**' remains unconnected for this instance("C:\Program1\Gowin\Gowin_V1.9.8_Education\IDE\ipcore\gowin_empu_gw1ns4\data\gowin_empu.v":0)
WARN  (EX1947) : Input port '**' remains unconnected for this instance("C:\Program1\Gowin\Gowin_V1.9.8_Education\IDE\ipcore\gowin_empu_gw1ns4\data\gowin_empu.v":0)
WARN  (EX1947) : Input port '**' remains unconnected for this instance("C:\Program1\Gowin\Gowin_V1.9.8_Education\IDE\ipcore\gowin_empu_gw1ns4\data\gowin_empu.v":0)
WARN  (EX1947) : Input port '**' remains unconnected for this instance("C:\Program1\Gowin\Gowin_V1.9.8_Education\IDE\ipcore\gowin_empu_gw1ns4\data\gowin_empu.v":0)
WARN  (EX1947) : Input port '**' remains unconnected for this instance("C:\Program1\Gowin\Gowin_V1.9.8_Education\IDE\ipcore\gowin_empu_gw1ns4\data\gowin_empu.v":0)
WARN  (EX1947) : Input port '**' remains unconnected for this instance("C:\Program1\Gowin\Gowin_V1.9.8_Education\IDE\ipcore\gowin_empu_gw1ns4\data\gowin_empu.v":0)
WARN  (EX1947) : Input port '**' remains unconnected for this instance("C:\Program1\Gowin\Gowin_V1.9.8_Education\IDE\ipcore\gowin_empu_gw1ns4\data\gowin_empu.v":0)
WARN  (EX1947) : Input port '**' remains unconnected for this instance("C:\Program1\Gowin\Gowin_V1.9.8_Education\IDE\ipcore\gowin_empu_gw1ns4\data\gowin_empu.v":0)
WARN  (EX1947) : Input port '**' remains unconnected for this instance("C:\Program1\Gowin\Gowin_V1.9.8_Education\IDE\ipcore\gowin_empu_gw1ns4\data\gowin_empu.v":0)
WARN  (EX1947) : Input port '**' remains unconnected for this instance("C:\Program1\Gowin\Gowin_V1.9.8_Education\IDE\ipcore\gowin_empu_gw1ns4\data\gowin_empu.v":0)
WARN  (EX1947) : Input port '**' remains unconnected for this instance("C:\Program1\Gowin\Gowin_V1.9.8_Education\IDE\ipcore\gowin_empu_gw1ns4\data\gowin_empu.v":0)
WARN  (EX1947) : Input port '**' remains unconnected for this instance("C:\Program1\Gowin\Gowin_V1.9.8_Education\IDE\ipcore\gowin_empu_gw1ns4\data\gowin_empu.v":0)
WARN  (EX1947) : Input port '**' remains unconnected for this instance("C:\Program1\Gowin\Gowin_V1.9.8_Education\IDE\ipcore\gowin_empu_gw1ns4\data\gowin_empu.v":0)
WARN  (EX1947) : Input port '**' remains unconnected for this instance("C:\Program1\Gowin\Gowin_V1.9.8_Education\IDE\ipcore\gowin_empu_gw1ns4\data\gowin_empu.v":0)
WARN  (EX1947) : Input port '**' remains unconnected for this instance("C:\Program1\Gowin\Gowin_V1.9.8_Education\IDE\ipcore\gowin_empu_gw1ns4\data\gowin_empu.v":0)
WARN  (EX1947) : Input port '**' remains unconnected for this instance("C:\Program1\Gowin\Gowin_V1.9.8_Education\IDE\ipcore\gowin_empu_gw1ns4\data\gowin_empu.v":0)
WARN  (EX1947) : Input port '**' remains unconnected for this instance("C:\Program1\Gowin\Gowin_V1.9.8_Education\IDE\ipcore\gowin_empu_gw1ns4\data\gowin_empu.v":0)
WARN  (EX1947) : Input port '**' remains unconnected for this instance("C:\Program1\Gowin\Gowin_V1.9.8_Education\IDE\ipcore\gowin_empu_gw1ns4\data\gowin_empu.v":0)
WARN  (EX1947) : Input port '**' remains unconnected for this instance("C:\Program1\Gowin\Gowin_V1.9.8_Education\IDE\ipcore\gowin_empu_gw1ns4\data\gowin_empu.v":0)
WARN  (EX1947) : Input port '**' remains unconnected for this instance("C:\Program1\Gowin\Gowin_V1.9.8_Education\IDE\ipcore\gowin_empu_gw1ns4\data\gowin_empu.v":0)
WARN  (EX1947) : Input port '**' remains unconnected for this instance("C:\Program1\Gowin\Gowin_V1.9.8_Education\IDE\ipcore\gowin_empu_gw1ns4\data\gowin_empu.v":0)
WARN  (EX1947) : Input port '**' remains unconnected for this instance("C:\Program1\Gowin\Gowin_V1.9.8_Education\IDE\ipcore\gowin_empu_gw1ns4\data\gowin_empu.v":0)
WARN  (EX1947) : Input port '**' remains unconnected for this instance("C:\Program1\Gowin\Gowin_V1.9.8_Education\IDE\ipcore\gowin_empu_gw1ns4\data\gowin_empu.v":0)
WARN  (EX1947) : Input port '**' remains unconnected for this instance("C:\Program1\Gowin\Gowin_V1.9.8_Education\IDE\ipcore\gowin_empu_gw1ns4\data\gowin_empu.v":0)
WARN  (EX1947) : Input port '**' remains unconnected for this instance("C:\Program1\Gowin\Gowin_V1.9.8_Education\IDE\ipcore\gowin_empu_gw1ns4\data\gowin_empu.v":0)
WARN  (EX1947) : Input port '**' remains unconnected for this instance("C:\Program1\Gowin\Gowin_V1.9.8_Education\IDE\ipcore\gowin_empu_gw1ns4\data\gowin_empu.v":0)
WARN  (EX1947) : Input port '**' remains unconnected for this instance("C:\Program1\Gowin\Gowin_V1.9.8_Education\IDE\ipcore\gowin_empu_gw1ns4\data\gowin_empu.v":0)
WARN  (EX1947) : Input port '**' remains unconnected for this instance("C:\Program1\Gowin\Gowin_V1.9.8_Education\IDE\ipcore\gowin_empu_gw1ns4\data\gowin_empu.v":0)
WARN  (EX1947) : Input port '**' remains unconnected for this instance("C:\Program1\Gowin\Gowin_V1.9.8_Education\IDE\ipcore\gowin_empu_gw1ns4\data\gowin_empu.v":0)
WARN  (EX1947) : Input port '**' remains unconnected for this instance("C:\Program1\Gowin\Gowin_V1.9.8_Education\IDE\ipcore\gowin_empu_gw1ns4\data\gowin_empu.v":0)
WARN  (EX1947) : Input port '**' remains unconnected for this instance("C:\Program1\Gowin\Gowin_V1.9.8_Education\IDE\ipcore\gowin_empu_gw1ns4\data\gowin_empu.v":0)
WARN  (EX1947) : Input port '**' remains unconnected for this instance("C:\Program1\Gowin\Gowin_V1.9.8_Education\IDE\ipcore\gowin_empu_gw1ns4\data\gowin_empu.v":0)
WARN  (EX1947) : Input port '**' remains unconnected for this instance("C:\Program1\Gowin\Gowin_V1.9.8_Education\IDE\ipcore\gowin_empu_gw1ns4\data\gowin_empu.v":0)
WARN  (EX1947) : Input port '**' remains unconnected for this instance("C:\Program1\Gowin\Gowin_V1.9.8_Education\IDE\ipcore\gowin_empu_gw1ns4\data\gowin_empu.v":0)
WARN  (EX1947) : Input port '**' remains unconnected for this instance("C:\Program1\Gowin\Gowin_V1.9.8_Education\IDE\ipcore\gowin_empu_gw1ns4\data\gowin_empu.v":0)
WARN  (EX1947) : Input port '**' remains unconnected for this instance("C:\Program1\Gowin\Gowin_V1.9.8_Education\IDE\ipcore\gowin_empu_gw1ns4\data\gowin_empu.v":0)
WARN  (EX1947) : Input port '**' remains unconnected for this instance("C:\Program1\Gowin\Gowin_V1.9.8_Education\IDE\ipcore\gowin_empu_gw1ns4\data\gowin_empu.v":0)
WARN  (EX1947) : Input port '**' remains unconnected for this instance("C:\Program1\Gowin\Gowin_V1.9.8_Education\IDE\ipcore\gowin_empu_gw1ns4\data\gowin_empu.v":0)
WARN  (EX1947) : Input port '**' remains unconnected for this instance("C:\Program1\Gowin\Gowin_V1.9.8_Education\IDE\ipcore\gowin_empu_gw1ns4\data\gowin_empu.v":0)
WARN  (EX1947) : Input port '**' remains unconnected for this instance("C:\Program1\Gowin\Gowin_V1.9.8_Education\IDE\ipcore\gowin_empu_gw1ns4\data\gowin_empu.v":0)
WARN  (EX1947) : Input port '**' remains unconnected for this instance("C:\Program1\Gowin\Gowin_V1.9.8_Education\IDE\ipcore\gowin_empu_gw1ns4\data\gowin_empu.v":0)
WARN  (EX1947) : Input port '**' remains unconnected for this instance("C:\Program1\Gowin\Gowin_V1.9.8_Education\IDE\ipcore\gowin_empu_gw1ns4\data\gowin_empu.v":0)
WARN  (EX1947) : Input port '**' remains unconnected for this instance("C:\Program1\Gowin\Gowin_V1.9.8_Education\IDE\ipcore\gowin_empu_gw1ns4\data\gowin_empu.v":0)
WARN  (EX1947) : Input port '**' remains unconnected for this instance("C:\Program1\Gowin\Gowin_V1.9.8_Education\IDE\ipcore\gowin_empu_gw1ns4\data\gowin_empu.v":0)
WARN  (EX1947) : Input port '**' remains unconnected for this instance("C:\Program1\Gowin\Gowin_V1.9.8_Education\IDE\ipcore\gowin_empu_gw1ns4\data\gowin_empu.v":0)
WARN  (EX1947) : Input port '**' remains unconnected for this instance("C:\Program1\Gowin\Gowin_V1.9.8_Education\IDE\ipcore\gowin_empu_gw1ns4\data\gowin_empu.v":0)
WARN  (EX1947) : Input port '**' remains unconnected for this instance("C:\Program1\Gowin\Gowin_V1.9.8_Education\IDE\ipcore\gowin_empu_gw1ns4\data\gowin_empu.v":0)
WARN  (EX1947) : Input port '**' remains unconnected for this instance("C:\Program1\Gowin\Gowin_V1.9.8_Education\IDE\ipcore\gowin_empu_gw1ns4\data\gowin_empu.v":0)
WARN  (EX1947) : Input port '**' remains unconnected for this instance("C:\Program1\Gowin\Gowin_V1.9.8_Education\IDE\ipcore\gowin_empu_gw1ns4\data\gowin_empu.v":0)
WARN  (EX1947) : Input port '**' remains unconnected for this instance("C:\Program1\Gowin\Gowin_V1.9.8_Education\IDE\ipcore\gowin_empu_gw1ns4\data\gowin_empu.v":0)
WARN  (EX1947) : Input port '**' remains unconnected for this instance("C:\Program1\Gowin\Gowin_V1.9.8_Education\IDE\ipcore\gowin_empu_gw1ns4\data\gowin_empu.v":0)
WARN  (EX1947) : Input port '**' remains unconnected for this instance("C:\Program1\Gowin\Gowin_V1.9.8_Education\IDE\ipcore\gowin_empu_gw1ns4\data\gowin_empu.v":0)
WARN  (EX1947) : Input port '**' remains unconnected for this instance("C:\Program1\Gowin\Gowin_V1.9.8_Education\IDE\ipcore\gowin_empu_gw1ns4\data\gowin_empu.v":0)
WARN  (EX1947) : Input port '**' remains unconnected for this instance("C:\Program1\Gowin\Gowin_V1.9.8_Education\IDE\ipcore\gowin_empu_gw1ns4\data\gowin_empu.v":0)
WARN  (EX1947) : Input port '**' remains unconnected for this instance("C:\Program1\Gowin\Gowin_V1.9.8_Education\IDE\ipcore\gowin_empu_gw1ns4\data\gowin_empu.v":0)
WARN  (EX1947) : Input port '**' remains unconnected for this instance("C:\Program1\Gowin\Gowin_V1.9.8_Education\IDE\ipcore\gowin_empu_gw1ns4\data\gowin_empu.v":0)
WARN  (EX1947) : Input port '**' remains unconnected for this instance("C:\Program1\Gowin\Gowin_V1.9.8_Education\IDE\ipcore\gowin_empu_gw1ns4\data\gowin_empu.v":0)
WARN  (EX1947) : Input port '**' remains unconnected for this instance("C:\Program1\Gowin\Gowin_V1.9.8_Education\IDE\ipcore\gowin_empu_gw1ns4\data\gowin_empu.v":0)
WARN  (EX1947) : Input port '**' remains unconnected for this instance("C:\Program1\Gowin\Gowin_V1.9.8_Education\IDE\ipcore\gowin_empu_gw1ns4\data\gowin_empu.v":0)
WARN  (EX1947) : Input port '**' remains unconnected for this instance("C:\Program1\Gowin\Gowin_V1.9.8_Education\IDE\ipcore\gowin_empu_gw1ns4\data\gowin_empu.v":0)
WARN  (EX1947) : Input port '**' remains unconnected for this instance("C:\Program1\Gowin\Gowin_V1.9.8_Education\IDE\ipcore\gowin_empu_gw1ns4\data\gowin_empu.v":0)
WARN  (EX1947) : Input port '**' remains unconnected for this instance("C:\Program1\Gowin\Gowin_V1.9.8_Education\IDE\ipcore\gowin_empu_gw1ns4\data\gowin_empu.v":0)
WARN  (EX1947) : Input port '**' remains unconnected for this instance("C:\Program1\Gowin\Gowin_V1.9.8_Education\IDE\ipcore\gowin_empu_gw1ns4\data\gowin_empu.v":0)
WARN  (EX1947) : Input port '**' remains unconnected for this instance("C:\Program1\Gowin\Gowin_V1.9.8_Education\IDE\ipcore\gowin_empu_gw1ns4\data\gowin_empu.v":0)
WARN  (EX1947) : Input port '**' remains unconnected for this instance("C:\Program1\Gowin\Gowin_V1.9.8_Education\IDE\ipcore\gowin_empu_gw1ns4\data\gowin_empu.v":0)
WARN  (EX1947) : Input port '**' remains unconnected for this instance("C:\Program1\Gowin\Gowin_V1.9.8_Education\IDE\ipcore\gowin_empu_gw1ns4\data\gowin_empu.v":0)
WARN  (EX1947) : Input port '**' remains unconnected for this instance("C:\Program1\Gowin\Gowin_V1.9.8_Education\IDE\ipcore\gowin_empu_gw1ns4\data\gowin_empu.v":0)
WARN  (EX1947) : Input port '**' remains unconnected for this instance("C:\Program1\Gowin\Gowin_V1.9.8_Education\IDE\ipcore\gowin_empu_gw1ns4\data\gowin_empu.v":0)
WARN  (EX1947) : Input port '**' remains unconnected for this instance("C:\Program1\Gowin\Gowin_V1.9.8_Education\IDE\ipcore\gowin_empu_gw1ns4\data\gowin_empu.v":0)
WARN  (EX1947) : Input port '**' remains unconnected for this instance("C:\Program1\Gowin\Gowin_V1.9.8_Education\IDE\ipcore\gowin_empu_gw1ns4\data\gowin_empu.v":0)
WARN  (EX1947) : Input port '**' remains unconnected for this instance("C:\Program1\Gowin\Gowin_V1.9.8_Education\IDE\ipcore\gowin_empu_gw1ns4\data\gowin_empu.v":0)
WARN  (EX1947) : Input port '**' remains unconnected for this instance("C:\Program1\Gowin\Gowin_V1.9.8_Education\IDE\ipcore\gowin_empu_gw1ns4\data\gowin_empu.v":0)
WARN  (EX1947) : Input port '**' remains unconnected for this instance("C:\Program1\Gowin\Gowin_V1.9.8_Education\IDE\ipcore\gowin_empu_gw1ns4\data\gowin_empu.v":0)
WARN  (EX1947) : Input port '**' remains unconnected for this instance("C:\Program1\Gowin\Gowin_V1.9.8_Education\IDE\ipcore\gowin_empu_gw1ns4\data\gowin_empu.v":0)
WARN  (EX1947) : Input port '**' remains unconnected for this instance("C:\Program1\Gowin\Gowin_V1.9.8_Education\IDE\ipcore\gowin_empu_gw1ns4\data\gowin_empu.v":0)
WARN  (EX1947) : Input port '**' remains unconnected for this instance("C:\Program1\Gowin\Gowin_V1.9.8_Education\IDE\ipcore\gowin_empu_gw1ns4\data\gowin_empu.v":0)
WARN  (EX1947) : Input port '**' remains unconnected for this instance("C:\Program1\Gowin\Gowin_V1.9.8_Education\IDE\ipcore\gowin_empu_gw1ns4\data\gowin_empu.v":0)
WARN  (EX1947) : Input port '**' remains unconnected for this instance("C:\Program1\Gowin\Gowin_V1.9.8_Education\IDE\ipcore\gowin_empu_gw1ns4\data\gowin_empu.v":0)
WARN  (EX1947) : Input port '**' remains unconnected for this instance("C:\Program1\Gowin\Gowin_V1.9.8_Education\IDE\ipcore\gowin_empu_gw1ns4\data\gowin_empu.v":0)
WARN  (EX1947) : Input port '**' remains unconnected for this instance("C:\Program1\Gowin\Gowin_V1.9.8_Education\IDE\ipcore\gowin_empu_gw1ns4\data\gowin_empu.v":0)
WARN  (EX1947) : Input port '**' remains unconnected for this instance("C:\Program1\Gowin\Gowin_V1.9.8_Education\IDE\ipcore\gowin_empu_gw1ns4\data\gowin_empu.v":0)
WARN  (EX1947) : Input port '**' remains unconnected for this instance("C:\Program1\Gowin\Gowin_V1.9.8_Education\IDE\ipcore\gowin_empu_gw1ns4\data\gowin_empu.v":0)
WARN  (EX1947) : Input port '**' remains unconnected for this instance("C:\Program1\Gowin\Gowin_V1.9.8_Education\IDE\ipcore\gowin_empu_gw1ns4\data\gowin_empu.v":0)
WARN  (EX1947) : Input port '**' remains unconnected for this instance("C:\Program1\Gowin\Gowin_V1.9.8_Education\IDE\ipcore\gowin_empu_gw1ns4\data\gowin_empu.v":0)
WARN  (EX1947) : Input port '**' remains unconnected for this instance("C:\Program1\Gowin\Gowin_V1.9.8_Education\IDE\ipcore\gowin_empu_gw1ns4\data\gowin_empu.v":0)
WARN  (EX1947) : Input port '**' remains unconnected for this instance("C:\Program1\Gowin\Gowin_V1.9.8_Education\IDE\ipcore\gowin_empu_gw1ns4\data\gowin_empu.v":0)
WARN  (EX1947) : Input port '**' remains unconnected for this instance("C:\Program1\Gowin\Gowin_V1.9.8_Education\IDE\ipcore\gowin_empu_gw1ns4\data\gowin_empu.v":0)
WARN  (EX1947) : Input port '**' remains unconnected for this instance("C:\Program1\Gowin\Gowin_V1.9.8_Education\IDE\ipcore\gowin_empu_gw1ns4\data\gowin_empu.v":0)
WARN  (EX1947) : Input port '**' remains unconnected for this instance("C:\Program1\Gowin\Gowin_V1.9.8_Education\IDE\ipcore\gowin_empu_gw1ns4\data\gowin_empu.v":0)
WARN  (EX1947) : Input port '**' remains unconnected for this instance("C:\Program1\Gowin\Gowin_V1.9.8_Education\IDE\ipcore\gowin_empu_gw1ns4\data\gowin_empu.v":0)
WARN  (EX1947) : Input port '**' remains unconnected for this instance("C:\Program1\Gowin\Gowin_V1.9.8_Education\IDE\ipcore\gowin_empu_gw1ns4\data\gowin_empu.v":0)
WARN  (EX1947) : Input port '**' remains unconnected for this instance("C:\Program1\Gowin\Gowin_V1.9.8_Education\IDE\ipcore\gowin_empu_gw1ns4\data\gowin_empu.v":0)
WARN  (EX1947) : Input port '**' remains unconnected for this instance("C:\Program1\Gowin\Gowin_V1.9.8_Education\IDE\ipcore\gowin_empu_gw1ns4\data\gowin_empu.v":0)
WARN  (EX1947) : Input port '**' remains unconnected for this instance("C:\Program1\Gowin\Gowin_V1.9.8_Education\IDE\ipcore\gowin_empu_gw1ns4\data\gowin_empu.v":0)
WARN  (EX1947) : Input port '**' remains unconnected for this instance("C:\Program1\Gowin\Gowin_V1.9.8_Education\IDE\ipcore\gowin_empu_gw1ns4\data\gowin_empu.v":0)
WARN  (EX1947) : Input port '**' remains unconnected for this instance("C:\Program1\Gowin\Gowin_V1.9.8_Education\IDE\ipcore\gowin_empu_gw1ns4\data\gowin_empu.v":0)
WARN  (EX1947) : Input port '**' remains unconnected for this instance("C:\Program1\Gowin\Gowin_V1.9.8_Education\IDE\ipcore\gowin_empu_gw1ns4\data\gowin_empu.v":0)
WARN  (EX1947) : Input port '**' remains unconnected for this instance("C:\Program1\Gowin\Gowin_V1.9.8_Education\IDE\ipcore\gowin_empu_gw1ns4\data\gowin_empu.v":0)
WARN  (EX1947) : Input port '**' remains unconnected for this instance("C:\Program1\Gowin\Gowin_V1.9.8_Education\IDE\ipcore\gowin_empu_gw1ns4\data\gowin_empu.v":0)
WARN  (EX1947) : Input port '**' remains unconnected for this instance("C:\Program1\Gowin\Gowin_V1.9.8_Education\IDE\ipcore\gowin_empu_gw1ns4\data\gowin_empu.v":0)
WARN  (EX1947) : Input port '**' remains unconnected for this instance("C:\Program1\Gowin\Gowin_V1.9.8_Education\IDE\ipcore\gowin_empu_gw1ns4\data\gowin_empu.v":0)
WARN  (EX1947) : Input port '**' remains unconnected for this instance("C:\Program1\Gowin\Gowin_V1.9.8_Education\IDE\ipcore\gowin_empu_gw1ns4\data\gowin_empu.v":0)
WARN  (EX1947) : Input port '**' remains unconnected for this instance("C:\Program1\Gowin\Gowin_V1.9.8_Education\IDE\ipcore\gowin_empu_gw1ns4\data\gowin_empu.v":0)
WARN  (EX1947) : Input port '**' remains unconnected for this instance("C:\Program1\Gowin\Gowin_V1.9.8_Education\IDE\ipcore\gowin_empu_gw1ns4\data\gowin_empu.v":0)
WARN  (EX1947) : Input port '**' remains unconnected for this instance("C:\Program1\Gowin\Gowin_V1.9.8_Education\IDE\ipcore\gowin_empu_gw1ns4\data\gowin_empu.v":0)
WARN  (EX1947) : Input port '**' remains unconnected for this instance("C:\Program1\Gowin\Gowin_V1.9.8_Education\IDE\ipcore\gowin_empu_gw1ns4\data\gowin_empu.v":0)
WARN  (EX1947) : Input port '**' remains unconnected for this instance("C:\Program1\Gowin\Gowin_V1.9.8_Education\IDE\ipcore\gowin_empu_gw1ns4\data\gowin_empu.v":0)
WARN  (EX1947) : Input port '**' remains unconnected for this instance("C:\Program1\Gowin\Gowin_V1.9.8_Education\IDE\ipcore\gowin_empu_gw1ns4\data\gowin_empu.v":0)
WARN  (EX1947) : Input port '**' remains unconnected for this instance("C:\Program1\Gowin\Gowin_V1.9.8_Education\IDE\ipcore\gowin_empu_gw1ns4\data\gowin_empu.v":0)
WARN  (EX1947) : Input port '**' remains unconnected for this instance("C:\Program1\Gowin\Gowin_V1.9.8_Education\IDE\ipcore\gowin_empu_gw1ns4\data\gowin_empu.v":0)
WARN  (EX1947) : Input port '**' remains unconnected for this instance("C:\Program1\Gowin\Gowin_V1.9.8_Education\IDE\ipcore\gowin_empu_gw1ns4\data\gowin_empu.v":0)
WARN  (EX1947) : Input port '**' remains unconnected for this instance("C:\Program1\Gowin\Gowin_V1.9.8_Education\IDE\ipcore\gowin_empu_gw1ns4\data\gowin_empu.v":0)
WARN  (EX1947) : Input port '**' remains unconnected for this instance("C:\Program1\Gowin\Gowin_V1.9.8_Education\IDE\ipcore\gowin_empu_gw1ns4\data\gowin_empu.v":0)
WARN  (EX1947) : Input port '**' remains unconnected for this instance("C:\Program1\Gowin\Gowin_V1.9.8_Education\IDE\ipcore\gowin_empu_gw1ns4\data\gowin_empu.v":0)
WARN  (EX1947) : Input port '**' remains unconnected for this instance("C:\Program1\Gowin\Gowin_V1.9.8_Education\IDE\ipcore\gowin_empu_gw1ns4\data\gowin_empu.v":0)
WARN  (EX1947) : Input port '**' remains unconnected for this instance("C:\Program1\Gowin\Gowin_V1.9.8_Education\IDE\ipcore\gowin_empu_gw1ns4\data\gowin_empu.v":0)
WARN  (EX1947) : Input port '**' remains unconnected for this instance("C:\Program1\Gowin\Gowin_V1.9.8_Education\IDE\ipcore\gowin_empu_gw1ns4\data\gowin_empu.v":0)
WARN  (EX1947) : Input port '**' remains unconnected for this instance("C:\Program1\Gowin\Gowin_V1.9.8_Education\IDE\ipcore\gowin_empu_gw1ns4\data\gowin_empu.v":0)
WARN  (EX1947) : Input port '**' remains unconnected for this instance("C:\Program1\Gowin\Gowin_V1.9.8_Education\IDE\ipcore\gowin_empu_gw1ns4\data\gowin_empu.v":0)
WARN  (EX1947) : Input port '**' remains unconnected for this instance("C:\Program1\Gowin\Gowin_V1.9.8_Education\IDE\ipcore\gowin_empu_gw1ns4\data\gowin_empu.v":0)
WARN  (EX1947) : Input port '**' remains unconnected for this instance("C:\Program1\Gowin\Gowin_V1.9.8_Education\IDE\ipcore\gowin_empu_gw1ns4\data\gowin_empu.v":0)
WARN  (EX1947) : Input port '**' remains unconnected for this instance("C:\Program1\Gowin\Gowin_V1.9.8_Education\IDE\ipcore\gowin_empu_gw1ns4\data\gowin_empu.v":0)
WARN  (EX1947) : Input port '**' remains unconnected for this instance("C:\Program1\Gowin\Gowin_V1.9.8_Education\IDE\ipcore\gowin_empu_gw1ns4\data\gowin_empu.v":0)
WARN  (EX1947) : Input port '**' remains unconnected for this instance("C:\Program1\Gowin\Gowin_V1.9.8_Education\IDE\ipcore\gowin_empu_gw1ns4\data\gowin_empu.v":0)
WARN  (EX1947) : Input port '**' remains unconnected for this instance("C:\Program1\Gowin\Gowin_V1.9.8_Education\IDE\ipcore\gowin_empu_gw1ns4\data\gowin_empu.v":0)
WARN  (EX1947) : Input port '**' remains unconnected for this instance("C:\Program1\Gowin\Gowin_V1.9.8_Education\IDE\ipcore\gowin_empu_gw1ns4\data\gowin_empu.v":0)
WARN  (EX1947) : Input port '**' remains unconnected for this instance("C:\Program1\Gowin\Gowin_V1.9.8_Education\IDE\ipcore\gowin_empu_gw1ns4\data\gowin_empu.v":0)
WARN  (EX1947) : Input port '**' remains unconnected for this instance("C:\Program1\Gowin\Gowin_V1.9.8_Education\IDE\ipcore\gowin_empu_gw1ns4\data\gowin_empu.v":0)
WARN  (EX1947) : Input port '**' remains unconnected for this instance("C:\Program1\Gowin\Gowin_V1.9.8_Education\IDE\ipcore\gowin_empu_gw1ns4\data\gowin_empu.v":0)
WARN  (EX1947) : Input port '**' remains unconnected for this instance("C:\Program1\Gowin\Gowin_V1.9.8_Education\IDE\ipcore\gowin_empu_gw1ns4\data\gowin_empu.v":0)
WARN  (EX1947) : Input port '**' remains unconnected for this instance("C:\Program1\Gowin\Gowin_V1.9.8_Education\IDE\ipcore\gowin_empu_gw1ns4\data\gowin_empu.v":0)
WARN  (EX1947) : Input port '**' remains unconnected for this instance("C:\Program1\Gowin\Gowin_V1.9.8_Education\IDE\ipcore\gowin_empu_gw1ns4\data\gowin_empu.v":0)
WARN  (EX1947) : Input port '**' remains unconnected for this instance("C:\Program1\Gowin\Gowin_V1.9.8_Education\IDE\ipcore\gowin_empu_gw1ns4\data\gowin_empu.v":0)
WARN  (EX1947) : Input port '**' remains unconnected for this instance("C:\Program1\Gowin\Gowin_V1.9.8_Education\IDE\ipcore\gowin_empu_gw1ns4\data\gowin_empu.v":0)
WARN  (EX1947) : Input port '**' remains unconnected for this instance("C:\Program1\Gowin\Gowin_V1.9.8_Education\IDE\ipcore\gowin_empu_gw1ns4\data\gowin_empu.v":0)
WARN  (EX1947) : Input port '**' remains unconnected for this instance("C:\Program1\Gowin\Gowin_V1.9.8_Education\IDE\ipcore\gowin_empu_gw1ns4\data\gowin_empu.v":0)
WARN  (EX1947) : Input port '**' remains unconnected for this instance("C:\Program1\Gowin\Gowin_V1.9.8_Education\IDE\ipcore\gowin_empu_gw1ns4\data\gowin_empu.v":0)
WARN  (EX1947) : Input port '**' remains unconnected for this instance("C:\Program1\Gowin\Gowin_V1.9.8_Education\IDE\ipcore\gowin_empu_gw1ns4\data\gowin_empu.v":0)
WARN  (EX1947) : Input port '**' remains unconnected for this instance("C:\Program1\Gowin\Gowin_V1.9.8_Education\IDE\ipcore\gowin_empu_gw1ns4\data\gowin_empu.v":0)
WARN  (EX1947) : Input port '**' remains unconnected for this instance("C:\Program1\Gowin\Gowin_V1.9.8_Education\IDE\ipcore\gowin_empu_gw1ns4\data\gowin_empu.v":0)
WARN  (EX1947) : Input port '**' remains unconnected for this instance("C:\Program1\Gowin\Gowin_V1.9.8_Education\IDE\ipcore\gowin_empu_gw1ns4\data\gowin_empu.v":0)
WARN  (EX1947) : Input port '**' remains unconnected for this instance("C:\Program1\Gowin\Gowin_V1.9.8_Education\IDE\ipcore\gowin_empu_gw1ns4\data\gowin_empu.v":0)
WARN  (EX1947) : Input port '**' remains unconnected for this instance("C:\Program1\Gowin\Gowin_V1.9.8_Education\IDE\ipcore\gowin_empu_gw1ns4\data\gowin_empu.v":0)
WARN  (EX1947) : Input port '**' remains unconnected for this instance("C:\Program1\Gowin\Gowin_V1.9.8_Education\IDE\ipcore\gowin_empu_gw1ns4\data\gowin_empu.v":0)
WARN  (EX1947) : Input port '**' remains unconnected for this instance("C:\Program1\Gowin\Gowin_V1.9.8_Education\IDE\ipcore\gowin_empu_gw1ns4\data\gowin_empu.v":0)
WARN  (EX1947) : Input port '**' remains unconnected for this instance("C:\Program1\Gowin\Gowin_V1.9.8_Education\IDE\ipcore\gowin_empu_gw1ns4\data\gowin_empu.v":0)
WARN  (EX1947) : Input port '**' remains unconnected for this instance("C:\Program1\Gowin\Gowin_V1.9.8_Education\IDE\ipcore\gowin_empu_gw1ns4\data\gowin_empu.v":0)
WARN  (EX1947) : Input port '**' remains unconnected for this instance("C:\Program1\Gowin\Gowin_V1.9.8_Education\IDE\ipcore\gowin_empu_gw1ns4\data\gowin_empu.v":0)
WARN  (EX1947) : Input port '**' remains unconnected for this instance("C:\Program1\Gowin\Gowin_V1.9.8_Education\IDE\ipcore\gowin_empu_gw1ns4\data\gowin_empu.v":0)
WARN  (EX1947) : Input port '**' remains unconnected for this instance("C:\Program1\Gowin\Gowin_V1.9.8_Education\IDE\ipcore\gowin_empu_gw1ns4\data\gowin_empu.v":0)
WARN  (EX1947) : Input port '**' remains unconnected for this instance("C:\Program1\Gowin\Gowin_V1.9.8_Education\IDE\ipcore\gowin_empu_gw1ns4\data\gowin_empu.v":0)
WARN  (EX1947) : Input port '**' remains unconnected for this instance("C:\Program1\Gowin\Gowin_V1.9.8_Education\IDE\ipcore\gowin_empu_gw1ns4\data\gowin_empu.v":0)
WARN  (EX1947) : Input port '**' remains unconnected for this instance("C:\Program1\Gowin\Gowin_V1.9.8_Education\IDE\ipcore\gowin_empu_gw1ns4\data\gowin_empu.v":0)
WARN  (EX1947) : Input port '**' remains unconnected for this instance("C:\Program1\Gowin\Gowin_V1.9.8_Education\IDE\ipcore\gowin_empu_gw1ns4\data\gowin_empu.v":0)
WARN  (EX1947) : Input port '**' remains unconnected for this instance("C:\Program1\Gowin\Gowin_V1.9.8_Education\IDE\ipcore\gowin_empu_gw1ns4\data\gowin_empu.v":0)
WARN  (EX1947) : Input port '**' remains unconnected for this instance("C:\Program1\Gowin\Gowin_V1.9.8_Education\IDE\ipcore\gowin_empu_gw1ns4\data\gowin_empu.v":0)
WARN  (EX1947) : Input port '**' remains unconnected for this instance("C:\Program1\Gowin\Gowin_V1.9.8_Education\IDE\ipcore\gowin_empu_gw1ns4\data\gowin_empu.v":0)
WARN  (EX1947) : Input port '**' remains unconnected for this instance("C:\Program1\Gowin\Gowin_V1.9.8_Education\IDE\ipcore\gowin_empu_gw1ns4\data\gowin_empu.v":0)
WARN  (EX1947) : Input port '**' remains unconnected for this instance("C:\Program1\Gowin\Gowin_V1.9.8_Education\IDE\ipcore\gowin_empu_gw1ns4\data\gowin_empu.v":0)
WARN  (EX1947) : Input port '**' remains unconnected for this instance("C:\Program1\Gowin\Gowin_V1.9.8_Education\IDE\ipcore\gowin_empu_gw1ns4\data\gowin_empu.v":0)
WARN  (EX1947) : Input port '**' remains unconnected for this instance("C:\Program1\Gowin\Gowin_V1.9.8_Education\IDE\ipcore\gowin_empu_gw1ns4\data\gowin_empu.v":0)
WARN  (EX1947) : Input port '**' remains unconnected for this instance("C:\Program1\Gowin\Gowin_V1.9.8_Education\IDE\ipcore\gowin_empu_gw1ns4\data\gowin_empu.v":0)
WARN  (EX1947) : Input port '**' remains unconnected for this instance("C:\Program1\Gowin\Gowin_V1.9.8_Education\IDE\ipcore\gowin_empu_gw1ns4\data\gowin_empu.v":0)
WARN  (EX1947) : Input port '**' remains unconnected for this instance("C:\Program1\Gowin\Gowin_V1.9.8_Education\IDE\ipcore\gowin_empu_gw1ns4\data\gowin_empu.v":0)
WARN  (EX1947) : Input port '**' remains unconnected for this instance("C:\Program1\Gowin\Gowin_V1.9.8_Education\IDE\ipcore\gowin_empu_gw1ns4\data\gowin_empu.v":0)
WARN  (EX1947) : Input port '**' remains unconnected for this instance("C:\Program1\Gowin\Gowin_V1.9.8_Education\IDE\ipcore\gowin_empu_gw1ns4\data\gowin_empu.v":0)
WARN  (EX1947) : Input port '**' remains unconnected for this instance("C:\Program1\Gowin\Gowin_V1.9.8_Education\IDE\ipcore\gowin_empu_gw1ns4\data\gowin_empu.v":0)
WARN  (EX1947) : Input port '**' remains unconnected for this instance("C:\Program1\Gowin\Gowin_V1.9.8_Education\IDE\ipcore\gowin_empu_gw1ns4\data\gowin_empu.v":0)
WARN  (EX1947) : Input port '**' remains unconnected for this instance("C:\Program1\Gowin\Gowin_V1.9.8_Education\IDE\ipcore\gowin_empu_gw1ns4\data\gowin_empu.v":0)
WARN  (EX1947) : Input port '**' remains unconnected for this instance("C:\Program1\Gowin\Gowin_V1.9.8_Education\IDE\ipcore\gowin_empu_gw1ns4\data\gowin_empu.v":0)
WARN  (EX1947) : Input port '**' remains unconnected for this instance("C:\Program1\Gowin\Gowin_V1.9.8_Education\IDE\ipcore\gowin_empu_gw1ns4\data\gowin_empu.v":0)
WARN  (EX1947) : Input port '**' remains unconnected for this instance("C:\Program1\Gowin\Gowin_V1.9.8_Education\IDE\ipcore\gowin_empu_gw1ns4\data\gowin_empu.v":0)
WARN  (EX1947) : Input port '**' remains unconnected for this instance("C:\Program1\Gowin\Gowin_V1.9.8_Education\IDE\ipcore\gowin_empu_gw1ns4\data\gowin_empu.v":0)
WARN  (EX1947) : Input port '**' remains unconnected for this instance("C:\Program1\Gowin\Gowin_V1.9.8_Education\IDE\ipcore\gowin_empu_gw1ns4\data\gowin_empu.v":0)
WARN  (EX1947) : Input port '**' remains unconnected for this instance("C:\Program1\Gowin\Gowin_V1.9.8_Education\IDE\ipcore\gowin_empu_gw1ns4\data\gowin_empu.v":0)
WARN  (EX1947) : Input port '**' remains unconnected for this instance("C:\Program1\Gowin\Gowin_V1.9.8_Education\IDE\ipcore\gowin_empu_gw1ns4\data\gowin_empu.v":0)
WARN  (EX1947) : Input port '**' remains unconnected for this instance("C:\Program1\Gowin\Gowin_V1.9.8_Education\IDE\ipcore\gowin_empu_gw1ns4\data\gowin_empu.v":0)
WARN  (EX1947) : Input port '**' remains unconnected for this instance("C:\Program1\Gowin\Gowin_V1.9.8_Education\IDE\ipcore\gowin_empu_gw1ns4\data\gowin_empu.v":0)
WARN  (EX1947) : Input port '**' remains unconnected for this instance("C:\Program1\Gowin\Gowin_V1.9.8_Education\IDE\ipcore\gowin_empu_gw1ns4\data\gowin_empu.v":0)
WARN  (EX1947) : Input port '**' remains unconnected for this instance("C:\Program1\Gowin\Gowin_V1.9.8_Education\IDE\ipcore\gowin_empu_gw1ns4\data\gowin_empu.v":0)
WARN  (EX1947) : Input port '**' remains unconnected for this instance("C:\Program1\Gowin\Gowin_V1.9.8_Education\IDE\ipcore\gowin_empu_gw1ns4\data\gowin_empu.v":0)
WARN  (EX1947) : Input port '**' remains unconnected for this instance("C:\Program1\Gowin\Gowin_V1.9.8_Education\IDE\ipcore\gowin_empu_gw1ns4\data\gowin_empu.v":0)
WARN  (EX1947) : Input port '**' remains unconnected for this instance("C:\Program1\Gowin\Gowin_V1.9.8_Education\IDE\ipcore\gowin_empu_gw1ns4\data\gowin_empu.v":0)
WARN  (EX1947) : Input port '**' remains unconnected for this instance("C:\Program1\Gowin\Gowin_V1.9.8_Education\IDE\ipcore\gowin_empu_gw1ns4\data\gowin_empu.v":0)
WARN  (EX1947) : Input port '**' remains unconnected for this instance("C:\Program1\Gowin\Gowin_V1.9.8_Education\IDE\ipcore\gowin_empu_gw1ns4\data\gowin_empu.v":0)
WARN  (EX1947) : Input port '**' remains unconnected for this instance("C:\Program1\Gowin\Gowin_V1.9.8_Education\IDE\ipcore\gowin_empu_gw1ns4\data\gowin_empu.v":0)
WARN  (EX1947) : Input port '**' remains unconnected for this instance("C:\Program1\Gowin\Gowin_V1.9.8_Education\IDE\ipcore\gowin_empu_gw1ns4\data\gowin_empu.v":0)
WARN  (EX1947) : Input port '**' remains unconnected for this instance("C:\Program1\Gowin\Gowin_V1.9.8_Education\IDE\ipcore\gowin_empu_gw1ns4\data\gowin_empu.v":0)
WARN  (EX1947) : Input port '**' remains unconnected for this instance("C:\Program1\Gowin\Gowin_V1.9.8_Education\IDE\ipcore\gowin_empu_gw1ns4\data\gowin_empu.v":0)
WARN  (EX1947) : Input port '**' remains unconnected for this instance("C:\Program1\Gowin\Gowin_V1.9.8_Education\IDE\ipcore\gowin_empu_gw1ns4\data\gowin_empu.v":0)
WARN  (EX1947) : Input port '**' remains unconnected for this instance("C:\Program1\Gowin\Gowin_V1.9.8_Education\IDE\ipcore\gowin_empu_gw1ns4\data\gowin_empu.v":0)
WARN  (EX1947) : Input port '**' remains unconnected for this instance("C:\Program1\Gowin\Gowin_V1.9.8_Education\IDE\ipcore\gowin_empu_gw1ns4\data\gowin_empu.v":0)
WARN  (EX1947) : Input port '**' remains unconnected for this instance("C:\Program1\Gowin\Gowin_V1.9.8_Education\IDE\ipcore\gowin_empu_gw1ns4\data\gowin_empu.v":0)
WARN  (EX1947) : Input port '**' remains unconnected for this instance("C:\Program1\Gowin\Gowin_V1.9.8_Education\IDE\ipcore\gowin_empu_gw1ns4\data\gowin_empu.v":0)
WARN  (EX1947) : Input port '**' remains unconnected for this instance("C:\Program1\Gowin\Gowin_V1.9.8_Education\IDE\ipcore\gowin_empu_gw1ns4\data\gowin_empu.v":0)
WARN  (EX1947) : Input port '**' remains unconnected for this instance("C:\Program1\Gowin\Gowin_V1.9.8_Education\IDE\ipcore\gowin_empu_gw1ns4\data\gowin_empu.v":0)
WARN  (EX1947) : Input port '**' remains unconnected for this instance("C:\Program1\Gowin\Gowin_V1.9.8_Education\IDE\ipcore\gowin_empu_gw1ns4\data\gowin_empu.v":0)
WARN  (EX1947) : Input port '**' remains unconnected for this instance("C:\Program1\Gowin\Gowin_V1.9.8_Education\IDE\ipcore\gowin_empu_gw1ns4\data\gowin_empu.v":0)
WARN  (EX1947) : Input port '**' remains unconnected for this instance("C:\Program1\Gowin\Gowin_V1.9.8_Education\IDE\ipcore\gowin_empu_gw1ns4\data\gowin_empu.v":0)
WARN  (EX1947) : Input port '**' remains unconnected for this instance("C:\Program1\Gowin\Gowin_V1.9.8_Education\IDE\ipcore\gowin_empu_gw1ns4\data\gowin_empu.v":0)
WARN  (EX1947) : Input port '**' remains unconnected for this instance("C:\Program1\Gowin\Gowin_V1.9.8_Education\IDE\ipcore\gowin_empu_gw1ns4\data\gowin_empu.v":0)
WARN  (EX1947) : Input port '**' remains unconnected for this instance("C:\Program1\Gowin\Gowin_V1.9.8_Education\IDE\ipcore\gowin_empu_gw1ns4\data\gowin_empu.v":0)
WARN  (EX1947) : Input port '**' remains unconnected for this instance("C:\Program1\Gowin\Gowin_V1.9.8_Education\IDE\ipcore\gowin_empu_gw1ns4\data\gowin_empu.v":0)
WARN  (EX1947) : Input port '**' remains unconnected for this instance("C:\Program1\Gowin\Gowin_V1.9.8_Education\IDE\ipcore\gowin_empu_gw1ns4\data\gowin_empu.v":0)
WARN  (EX1947) : Input port '**' remains unconnected for this instance("C:\Program1\Gowin\Gowin_V1.9.8_Education\IDE\ipcore\gowin_empu_gw1ns4\data\gowin_empu.v":0)
WARN  (EX1947) : Input port '**' remains unconnected for this instance("C:\Program1\Gowin\Gowin_V1.9.8_Education\IDE\ipcore\gowin_empu_gw1ns4\data\gowin_empu.v":0)
WARN  (EX1947) : Input port '**' remains unconnected for this instance("C:\Program1\Gowin\Gowin_V1.9.8_Education\IDE\ipcore\gowin_empu_gw1ns4\data\gowin_empu.v":0)
WARN  (EX1947) : Input port '**' remains unconnected for this instance("C:\Program1\Gowin\Gowin_V1.9.8_Education\IDE\ipcore\gowin_empu_gw1ns4\data\gowin_empu.v":0)
WARN  (EX1947) : Input port '**' remains unconnected for this instance("C:\Program1\Gowin\Gowin_V1.9.8_Education\IDE\ipcore\gowin_empu_gw1ns4\data\gowin_empu.v":0)
WARN  (EX1947) : Input port '**' remains unconnected for this instance("C:\Program1\Gowin\Gowin_V1.9.8_Education\IDE\ipcore\gowin_empu_gw1ns4\data\gowin_empu.v":0)
WARN  (EX1947) : Input port '**' remains unconnected for this instance("C:\Program1\Gowin\Gowin_V1.9.8_Education\IDE\ipcore\gowin_empu_gw1ns4\data\gowin_empu.v":0)
WARN  (EX1947) : Input port '**' remains unconnected for this instance("C:\Program1\Gowin\Gowin_V1.9.8_Education\IDE\ipcore\gowin_empu_gw1ns4\data\gowin_empu.v":0)
WARN  (EX1947) : Input port '**' remains unconnected for this instance("C:\Program1\Gowin\Gowin_V1.9.8_Education\IDE\ipcore\gowin_empu_gw1ns4\data\gowin_empu.v":0)
WARN  (EX1947) : Input port '**' remains unconnected for this instance("C:\Program1\Gowin\Gowin_V1.9.8_Education\IDE\ipcore\gowin_empu_gw1ns4\data\gowin_empu.v":0)
WARN  (EX1947) : Input port '**' remains unconnected for this instance("C:\Program1\Gowin\Gowin_V1.9.8_Education\IDE\ipcore\gowin_empu_gw1ns4\data\gowin_empu.v":0)
WARN  (EX1947) : Input port '**' remains unconnected for this instance("C:\Program1\Gowin\Gowin_V1.9.8_Education\IDE\ipcore\gowin_empu_gw1ns4\data\gowin_empu.v":0)
WARN  (EX1947) : Input port '**' remains unconnected for this instance("C:\Program1\Gowin\Gowin_V1.9.8_Education\IDE\ipcore\gowin_empu_gw1ns4\data\gowin_empu.v":0)
WARN  (EX1947) : Input port '**' remains unconnected for this instance("C:\Program1\Gowin\Gowin_V1.9.8_Education\IDE\ipcore\gowin_empu_gw1ns4\data\gowin_empu.v":0)
WARN  (EX1947) : Input port '**' remains unconnected for this instance("C:\Program1\Gowin\Gowin_V1.9.8_Education\IDE\ipcore\gowin_empu_gw1ns4\data\gowin_empu.v":0)
WARN  (EX1947) : Input port '**' remains unconnected for this instance("C:\Program1\Gowin\Gowin_V1.9.8_Education\IDE\ipcore\gowin_empu_gw1ns4\data\gowin_empu.v":0)
WARN  (EX1947) : Input port '**' remains unconnected for this instance("C:\Program1\Gowin\Gowin_V1.9.8_Education\IDE\ipcore\gowin_empu_gw1ns4\data\gowin_empu.v":0)
WARN  (EX1947) : Input port '**' remains unconnected for this instance("C:\Program1\Gowin\Gowin_V1.9.8_Education\IDE\ipcore\gowin_empu_gw1ns4\data\gowin_empu.v":0)
WARN  (EX1947) : Input port '**' remains unconnected for this instance("C:\Program1\Gowin\Gowin_V1.9.8_Education\IDE\ipcore\gowin_empu_gw1ns4\data\gowin_empu.v":0)
WARN  (EX1947) : Input port '**' remains unconnected for this instance("C:\Program1\Gowin\Gowin_V1.9.8_Education\IDE\ipcore\gowin_empu_gw1ns4\data\gowin_empu.v":0)
WARN  (EX1947) : Input port '**' remains unconnected for this instance("C:\Program1\Gowin\Gowin_V1.9.8_Education\IDE\ipcore\gowin_empu_gw1ns4\data\gowin_empu.v":0)
WARN  (EX1947) : Input port '**' remains unconnected for this instance("C:\Program1\Gowin\Gowin_V1.9.8_Education\IDE\ipcore\gowin_empu_gw1ns4\data\gowin_empu.v":0)
WARN  (EX1947) : Input port '**' remains unconnected for this instance("C:\Program1\Gowin\Gowin_V1.9.8_Education\IDE\ipcore\gowin_empu_gw1ns4\data\gowin_empu.v":0)
WARN  (EX1947) : Input port '**' remains unconnected for this instance("C:\Program1\Gowin\Gowin_V1.9.8_Education\IDE\ipcore\gowin_empu_gw1ns4\data\gowin_empu.v":0)
WARN  (EX1947) : Input port '**' remains unconnected for this instance("C:\Program1\Gowin\Gowin_V1.9.8_Education\IDE\ipcore\gowin_empu_gw1ns4\data\gowin_empu.v":0)
WARN  (EX1947) : Input port '**' remains unconnected for this instance("C:\Program1\Gowin\Gowin_V1.9.8_Education\IDE\ipcore\gowin_empu_gw1ns4\data\gowin_empu.v":0)
WARN  (EX1947) : Input port '**' remains unconnected for this instance("C:\Program1\Gowin\Gowin_V1.9.8_Education\IDE\ipcore\gowin_empu_gw1ns4\data\gowin_empu.v":0)
WARN  (EX1947) : Input port '**' remains unconnected for this instance("C:\Program1\Gowin\Gowin_V1.9.8_Education\IDE\ipcore\gowin_empu_gw1ns4\data\gowin_empu.v":0)
WARN  (EX1947) : Input port '**' remains unconnected for this instance("C:\Program1\Gowin\Gowin_V1.9.8_Education\IDE\ipcore\gowin_empu_gw1ns4\data\gowin_empu.v":0)
WARN  (EX1947) : Input port '**' remains unconnected for this instance("C:\Program1\Gowin\Gowin_V1.9.8_Education\IDE\ipcore\gowin_empu_gw1ns4\data\gowin_empu.v":0)
WARN  (EX1947) : Input port '**' remains unconnected for this instance("C:\Program1\Gowin\Gowin_V1.9.8_Education\IDE\ipcore\gowin_empu_gw1ns4\data\gowin_empu.v":0)
WARN  (EX1947) : Input port '**' remains unconnected for this instance("C:\Program1\Gowin\Gowin_V1.9.8_Education\IDE\ipcore\gowin_empu_gw1ns4\data\gowin_empu.v":0)
WARN  (EX1947) : Input port '**' remains unconnected for this instance("C:\Program1\Gowin\Gowin_V1.9.8_Education\IDE\ipcore\gowin_empu_gw1ns4\data\gowin_empu.v":0)
WARN  (EX1947) : Input port '**' remains unconnected for this instance("C:\Program1\Gowin\Gowin_V1.9.8_Education\IDE\ipcore\gowin_empu_gw1ns4\data\gowin_empu.v":0)
WARN  (EX1947) : Input port '**' remains unconnected for this instance("C:\Program1\Gowin\Gowin_V1.9.8_Education\IDE\ipcore\gowin_empu_gw1ns4\data\gowin_empu.v":0)
WARN  (EX1947) : Input port '**' remains unconnected for this instance("C:\Program1\Gowin\Gowin_V1.9.8_Education\IDE\ipcore\gowin_empu_gw1ns4\data\gowin_empu.v":0)
WARN  (EX1947) : Input port '**' remains unconnected for this instance("C:\Program1\Gowin\Gowin_V1.9.8_Education\IDE\ipcore\gowin_empu_gw1ns4\data\gowin_empu.v":0)
WARN  (EX1947) : Input port '**' remains unconnected for this instance("C:\Program1\Gowin\Gowin_V1.9.8_Education\IDE\ipcore\gowin_empu_gw1ns4\data\gowin_empu.v":0)
WARN  (EX1947) : Input port '**' remains unconnected for this instance("C:\Program1\Gowin\Gowin_V1.9.8_Education\IDE\ipcore\gowin_empu_gw1ns4\data\gowin_empu.v":0)
WARN  (EX1947) : Input port '**' remains unconnected for this instance("C:\Program1\Gowin\Gowin_V1.9.8_Education\IDE\ipcore\gowin_empu_gw1ns4\data\gowin_empu.v":0)
WARN  (EX1947) : Input port '**' remains unconnected for this instance("C:\Program1\Gowin\Gowin_V1.9.8_Education\IDE\ipcore\gowin_empu_gw1ns4\data\gowin_empu.v":0)
WARN  (EX1947) : Input port '**' remains unconnected for this instance("C:\Program1\Gowin\Gowin_V1.9.8_Education\IDE\ipcore\gowin_empu_gw1ns4\data\gowin_empu.v":0)
WARN  (EX1947) : Input port '**' remains unconnected for this instance("C:\Program1\Gowin\Gowin_V1.9.8_Education\IDE\ipcore\gowin_empu_gw1ns4\data\gowin_empu.v":0)
WARN  (EX1947) : Input port '**' remains unconnected for this instance("C:\Program1\Gowin\Gowin_V1.9.8_Education\IDE\ipcore\gowin_empu_gw1ns4\data\gowin_empu.v":0)
WARN  (EX1947) : Input port '**' remains unconnected for this instance("C:\Program1\Gowin\Gowin_V1.9.8_Education\IDE\ipcore\gowin_empu_gw1ns4\data\gowin_empu.v":0)
WARN  (EX1947) : Input port '**' remains unconnected for this instance("C:\Program1\Gowin\Gowin_V1.9.8_Education\IDE\ipcore\gowin_empu_gw1ns4\data\gowin_empu.v":0)
WARN  (EX1947) : Input port '**' remains unconnected for this instance("C:\Program1\Gowin\Gowin_V1.9.8_Education\IDE\ipcore\gowin_empu_gw1ns4\data\gowin_empu.v":0)
WARN  (EX1947) : Input port '**' remains unconnected for this instance("C:\Program1\Gowin\Gowin_V1.9.8_Education\IDE\ipcore\gowin_empu_gw1ns4\data\gowin_empu.v":0)
WARN  (EX1947) : Input port '**' remains unconnected for this instance("C:\Program1\Gowin\Gowin_V1.9.8_Education\IDE\ipcore\gowin_empu_gw1ns4\data\gowin_empu.v":0)
WARN  (EX1947) : Input port '**' remains unconnected for this instance("C:\Program1\Gowin\Gowin_V1.9.8_Education\IDE\ipcore\gowin_empu_gw1ns4\data\gowin_empu.v":0)
WARN  (EX1947) : Input port '**' remains unconnected for this instance("C:\Program1\Gowin\Gowin_V1.9.8_Education\IDE\ipcore\gowin_empu_gw1ns4\data\gowin_empu.v":0)
WARN  (EX1947) : Input port '**' remains unconnected for this instance("C:\Program1\Gowin\Gowin_V1.9.8_Education\IDE\ipcore\gowin_empu_gw1ns4\data\gowin_empu.v":0)
WARN  (EX1947) : Input port '**' remains unconnected for this instance("C:\Program1\Gowin\Gowin_V1.9.8_Education\IDE\ipcore\gowin_empu_gw1ns4\data\gowin_empu.v":0)
WARN  (EX1947) : Input port '**' remains unconnected for this instance("C:\Program1\Gowin\Gowin_V1.9.8_Education\IDE\ipcore\gowin_empu_gw1ns4\data\gowin_empu.v":0)
WARN  (EX1947) : Input port '**' remains unconnected for this instance("C:\Program1\Gowin\Gowin_V1.9.8_Education\IDE\ipcore\gowin_empu_gw1ns4\data\gowin_empu.v":0)
WARN  (EX1947) : Input port '**' remains unconnected for this instance("C:\Program1\Gowin\Gowin_V1.9.8_Education\IDE\ipcore\gowin_empu_gw1ns4\data\gowin_empu.v":0)
WARN  (EX1947) : Input port '**' remains unconnected for this instance("C:\Program1\Gowin\Gowin_V1.9.8_Education\IDE\ipcore\gowin_empu_gw1ns4\data\gowin_empu.v":0)
WARN  (EX1947) : Input port '**' remains unconnected for this instance("C:\Program1\Gowin\Gowin_V1.9.8_Education\IDE\ipcore\gowin_empu_gw1ns4\data\gowin_empu.v":0)
WARN  (EX1947) : Input port '**' remains unconnected for this instance("C:\Program1\Gowin\Gowin_V1.9.8_Education\IDE\ipcore\gowin_empu_gw1ns4\data\gowin_empu.v":0)
WARN  (EX1947) : Input port '**' remains unconnected for this instance("C:\Program1\Gowin\Gowin_V1.9.8_Education\IDE\ipcore\gowin_empu_gw1ns4\data\gowin_empu.v":0)
WARN  (EX1947) : Input port '**' remains unconnected for this instance("C:\Program1\Gowin\Gowin_V1.9.8_Education\IDE\ipcore\gowin_empu_gw1ns4\data\gowin_empu.v":0)
WARN  (EX1947) : Input port '**' remains unconnected for this instance("C:\Program1\Gowin\Gowin_V1.9.8_Education\IDE\ipcore\gowin_empu_gw1ns4\data\gowin_empu.v":0)
WARN  (EX1947) : Input port '**' remains unconnected for this instance("C:\Program1\Gowin\Gowin_V1.9.8_Education\IDE\ipcore\gowin_empu_gw1ns4\data\gowin_empu.v":0)
WARN  (EX1947) : Input port '**' remains unconnected for this instance("C:\Program1\Gowin\Gowin_V1.9.8_Education\IDE\ipcore\gowin_empu_gw1ns4\data\gowin_empu.v":0)
WARN  (EX1947) : Input port '**' remains unconnected for this instance("C:\Program1\Gowin\Gowin_V1.9.8_Education\IDE\ipcore\gowin_empu_gw1ns4\data\gowin_empu.v":0)
WARN  (EX1947) : Input port '**' remains unconnected for this instance("C:\Program1\Gowin\Gowin_V1.9.8_Education\IDE\ipcore\gowin_empu_gw1ns4\data\gowin_empu.v":0)
WARN  (EX1947) : Input port '**' remains unconnected for this instance("C:\Program1\Gowin\Gowin_V1.9.8_Education\IDE\ipcore\gowin_empu_gw1ns4\data\gowin_empu.v":0)
WARN  (EX1947) : Input port '**' remains unconnected for this instance("C:\Program1\Gowin\Gowin_V1.9.8_Education\IDE\ipcore\gowin_empu_gw1ns4\data\gowin_empu.v":0)
WARN  (EX1947) : Input port '**' remains unconnected for this instance("C:\Program1\Gowin\Gowin_V1.9.8_Education\IDE\ipcore\gowin_empu_gw1ns4\data\gowin_empu.v":0)
WARN  (EX1947) : Input port '**' remains unconnected for this instance("C:\Program1\Gowin\Gowin_V1.9.8_Education\IDE\ipcore\gowin_empu_gw1ns4\data\gowin_empu.v":0)
WARN  (EX1947) : Input port '**' remains unconnected for this instance("C:\Program1\Gowin\Gowin_V1.9.8_Education\IDE\ipcore\gowin_empu_gw1ns4\data\gowin_empu.v":0)
WARN  (EX1947) : Input port '**' remains unconnected for this instance("C:\Program1\Gowin\Gowin_V1.9.8_Education\IDE\ipcore\gowin_empu_gw1ns4\data\gowin_empu.v":0)
WARN  (EX1947) : Input port '**' remains unconnected for this instance("C:\Program1\Gowin\Gowin_V1.9.8_Education\IDE\ipcore\gowin_empu_gw1ns4\data\gowin_empu.v":0)
WARN  (EX1947) : Input port '**' remains unconnected for this instance("C:\Program1\Gowin\Gowin_V1.9.8_Education\IDE\ipcore\gowin_empu_gw1ns4\data\gowin_empu.v":0)
WARN  (EX1947) : Input port '**' remains unconnected for this instance("C:\Program1\Gowin\Gowin_V1.9.8_Education\IDE\ipcore\gowin_empu_gw1ns4\data\gowin_empu.v":0)
WARN  (EX1947) : Input port '**' remains unconnected for this instance("C:\Program1\Gowin\Gowin_V1.9.8_Education\IDE\ipcore\gowin_empu_gw1ns4\data\gowin_empu.v":0)
WARN  (EX1947) : Input port '**' remains unconnected for this instance("C:\Program1\Gowin\Gowin_V1.9.8_Education\IDE\ipcore\gowin_empu_gw1ns4\data\gowin_empu.v":0)
WARN  (EX1947) : Input port '**' remains unconnected for this instance("C:\Program1\Gowin\Gowin_V1.9.8_Education\IDE\ipcore\gowin_empu_gw1ns4\data\gowin_empu.v":0)
WARN  (EX1947) : Input port '**' remains unconnected for this instance("C:\Program1\Gowin\Gowin_V1.9.8_Education\IDE\ipcore\gowin_empu_gw1ns4\data\gowin_empu.v":0)
WARN  (EX1947) : Input port '**' remains unconnected for this instance("C:\Program1\Gowin\Gowin_V1.9.8_Education\IDE\ipcore\gowin_empu_gw1ns4\data\gowin_empu.v":0)
WARN  (EX1947) : Input port '**' remains unconnected for this instance("C:\Program1\Gowin\Gowin_V1.9.8_Education\IDE\ipcore\gowin_empu_gw1ns4\data\gowin_empu.v":0)
WARN  (EX1947) : Input port '**' remains unconnected for this instance("C:\Program1\Gowin\Gowin_V1.9.8_Education\IDE\ipcore\gowin_empu_gw1ns4\data\gowin_empu.v":0)
WARN  (EX1947) : Input port '**' remains unconnected for this instance("C:\Program1\Gowin\Gowin_V1.9.8_Education\IDE\ipcore\gowin_empu_gw1ns4\data\gowin_empu.v":0)
WARN  (EX1947) : Input port '**' remains unconnected for this instance("C:\Program1\Gowin\Gowin_V1.9.8_Education\IDE\ipcore\gowin_empu_gw1ns4\data\gowin_empu.v":0)
WARN  (EX1947) : Input port '**' remains unconnected for this instance("C:\Program1\Gowin\Gowin_V1.9.8_Education\IDE\ipcore\gowin_empu_gw1ns4\data\gowin_empu.v":0)
WARN  (EX1947) : Input port '**' remains unconnected for this instance("C:\Program1\Gowin\Gowin_V1.9.8_Education\IDE\ipcore\gowin_empu_gw1ns4\data\gowin_empu.v":0)
WARN  (EX1947) : Input port '**' remains unconnected for this instance("C:\Program1\Gowin\Gowin_V1.9.8_Education\IDE\ipcore\gowin_empu_gw1ns4\data\gowin_empu.v":0)
WARN  (EX1947) : Input port '**' remains unconnected for this instance("C:\Program1\Gowin\Gowin_V1.9.8_Education\IDE\ipcore\gowin_empu_gw1ns4\data\gowin_empu.v":0)
WARN  (EX1947) : Input port '**' remains unconnected for this instance("C:\Program1\Gowin\Gowin_V1.9.8_Education\IDE\ipcore\gowin_empu_gw1ns4\data\gowin_empu.v":0)
WARN  (EX1947) : Input port '**' remains unconnected for this instance("C:\Program1\Gowin\Gowin_V1.9.8_Education\IDE\ipcore\gowin_empu_gw1ns4\data\gowin_empu.v":0)
WARN  (EX1947) : Input port '**' remains unconnected for this instance("C:\Program1\Gowin\Gowin_V1.9.8_Education\IDE\ipcore\gowin_empu_gw1ns4\data\gowin_empu.v":0)
WARN  (EX1947) : Input port '**' remains unconnected for this instance("C:\Program1\Gowin\Gowin_V1.9.8_Education\IDE\ipcore\gowin_empu_gw1ns4\data\gowin_empu.v":0)
WARN  (EX1947) : Input port '**' remains unconnected for this instance("C:\Program1\Gowin\Gowin_V1.9.8_Education\IDE\ipcore\gowin_empu_gw1ns4\data\gowin_empu.v":0)
WARN  (EX1947) : Input port '**' remains unconnected for this instance("C:\Program1\Gowin\Gowin_V1.9.8_Education\IDE\ipcore\gowin_empu_gw1ns4\data\gowin_empu.v":0)
WARN  (EX1947) : Input port '**' remains unconnected for this instance("C:\Program1\Gowin\Gowin_V1.9.8_Education\IDE\ipcore\gowin_empu_gw1ns4\data\gowin_empu.v":0)
WARN  (EX1947) : Input port '**' remains unconnected for this instance("C:\Program1\Gowin\Gowin_V1.9.8_Education\IDE\ipcore\gowin_empu_gw1ns4\data\gowin_empu.v":0)
WARN  (EX1947) : Input port '**' remains unconnected for this instance("C:\Program1\Gowin\Gowin_V1.9.8_Education\IDE\ipcore\gowin_empu_gw1ns4\data\gowin_empu.v":0)
WARN  (EX1947) : Input port '**' remains unconnected for this instance("C:\Program1\Gowin\Gowin_V1.9.8_Education\IDE\ipcore\gowin_empu_gw1ns4\data\gowin_empu.v":0)
WARN  (EX1947) : Input port '**' remains unconnected for this instance("C:\Program1\Gowin\Gowin_V1.9.8_Education\IDE\ipcore\gowin_empu_gw1ns4\data\gowin_empu.v":0)
WARN  (EX1947) : Input port '**' remains unconnected for this instance("C:\Program1\Gowin\Gowin_V1.9.8_Education\IDE\ipcore\gowin_empu_gw1ns4\data\gowin_empu.v":0)
WARN  (EX1947) : Input port '**' remains unconnected for this instance("C:\Program1\Gowin\Gowin_V1.9.8_Education\IDE\ipcore\gowin_empu_gw1ns4\data\gowin_empu.v":0)
WARN  (EX1947) : Input port '**' remains unconnected for this instance("C:\Program1\Gowin\Gowin_V1.9.8_Education\IDE\ipcore\gowin_empu_gw1ns4\data\gowin_empu.v":0)
WARN  (EX1947) : Input port '**' remains unconnected for this instance("C:\Program1\Gowin\Gowin_V1.9.8_Education\IDE\ipcore\gowin_empu_gw1ns4\data\gowin_empu.v":0)
WARN  (EX1947) : Input port '**' remains unconnected for this instance("C:\Program1\Gowin\Gowin_V1.9.8_Education\IDE\ipcore\gowin_empu_gw1ns4\data\gowin_empu.v":0)
WARN  (EX1947) : Input port '**' remains unconnected for this instance("C:\Program1\Gowin\Gowin_V1.9.8_Education\IDE\ipcore\gowin_empu_gw1ns4\data\gowin_empu.v":0)
WARN  (EX1947) : Input port '**' remains unconnected for this instance("C:\Program1\Gowin\Gowin_V1.9.8_Education\IDE\ipcore\gowin_empu_gw1ns4\data\gowin_empu.v":0)
WARN  (EX1947) : Input port '**' remains unconnected for this instance("C:\Program1\Gowin\Gowin_V1.9.8_Education\IDE\ipcore\gowin_empu_gw1ns4\data\gowin_empu.v":0)
WARN  (EX1947) : Input port '**' remains unconnected for this instance("C:\Program1\Gowin\Gowin_V1.9.8_Education\IDE\ipcore\gowin_empu_gw1ns4\data\gowin_empu.v":0)
WARN  (EX1947) : Input port '**' remains unconnected for this instance("C:\Program1\Gowin\Gowin_V1.9.8_Education\IDE\ipcore\gowin_empu_gw1ns4\data\gowin_empu.v":0)
WARN  (EX1947) : Input port '**' remains unconnected for this instance("C:\Program1\Gowin\Gowin_V1.9.8_Education\IDE\ipcore\gowin_empu_gw1ns4\data\gowin_empu.v":0)
WARN  (EX1947) : Input port '**' remains unconnected for this instance("C:\Program1\Gowin\Gowin_V1.9.8_Education\IDE\ipcore\gowin_empu_gw1ns4\data\gowin_empu.v":0)
WARN  (EX1947) : Input port '**' remains unconnected for this instance("C:\Program1\Gowin\Gowin_V1.9.8_Education\IDE\ipcore\gowin_empu_gw1ns4\data\gowin_empu.v":0)
WARN  (EX1947) : Input port '**' remains unconnected for this instance("C:\Program1\Gowin\Gowin_V1.9.8_Education\IDE\ipcore\gowin_empu_gw1ns4\data\gowin_empu.v":0)
WARN  (EX1947) : Input port '**' remains unconnected for this instance("C:\Program1\Gowin\Gowin_V1.9.8_Education\IDE\ipcore\gowin_empu_gw1ns4\data\gowin_empu.v":0)
WARN  (EX1947) : Input port '**' remains unconnected for this instance("C:\Program1\Gowin\Gowin_V1.9.8_Education\IDE\ipcore\gowin_empu_gw1ns4\data\gowin_empu.v":0)
WARN  (EX1947) : Input port '**' remains unconnected for this instance("C:\Program1\Gowin\Gowin_V1.9.8_Education\IDE\ipcore\gowin_empu_gw1ns4\data\gowin_empu.v":0)
WARN  (EX1947) : Input port '**' remains unconnected for this instance("C:\Program1\Gowin\Gowin_V1.9.8_Education\IDE\ipcore\gowin_empu_gw1ns4\data\gowin_empu.v":0)
WARN  (EX1947) : Input port '**' remains unconnected for this instance("C:\Program1\Gowin\Gowin_V1.9.8_Education\IDE\ipcore\gowin_empu_gw1ns4\data\gowin_empu.v":0)
WARN  (EX1947) : Input port '**' remains unconnected for this instance("C:\Program1\Gowin\Gowin_V1.9.8_Education\IDE\ipcore\gowin_empu_gw1ns4\data\gowin_empu.v":0)
WARN  (EX1947) : Input port '**' remains unconnected for this instance("C:\Program1\Gowin\Gowin_V1.9.8_Education\IDE\ipcore\gowin_empu_gw1ns4\data\gowin_empu.v":0)
WARN  (EX1947) : Input port '**' remains unconnected for this instance("C:\Program1\Gowin\Gowin_V1.9.8_Education\IDE\ipcore\gowin_empu_gw1ns4\data\gowin_empu.v":0)
WARN  (EX1947) : Input port '**' remains unconnected for this instance("C:\Program1\Gowin\Gowin_V1.9.8_Education\IDE\ipcore\gowin_empu_gw1ns4\data\gowin_empu.v":0)
WARN  (EX1947) : Input port '**' remains unconnected for this instance("C:\Program1\Gowin\Gowin_V1.9.8_Education\IDE\ipcore\gowin_empu_gw1ns4\data\gowin_empu.v":0)
WARN  (EX1947) : Input port '**' remains unconnected for this instance("C:\Program1\Gowin\Gowin_V1.9.8_Education\IDE\ipcore\gowin_empu_gw1ns4\data\gowin_empu.v":0)
WARN  (EX1947) : Input port '**' remains unconnected for this instance("C:\Program1\Gowin\Gowin_V1.9.8_Education\IDE\ipcore\gowin_empu_gw1ns4\data\gowin_empu.v":0)
WARN  (EX1947) : Input port '**' remains unconnected for this instance("C:\Program1\Gowin\Gowin_V1.9.8_Education\IDE\ipcore\gowin_empu_gw1ns4\data\gowin_empu.v":0)
WARN  (EX1947) : Input port '**' remains unconnected for this instance("C:\Program1\Gowin\Gowin_V1.9.8_Education\IDE\ipcore\gowin_empu_gw1ns4\data\gowin_empu.v":0)
WARN  (EX1947) : Input port '**' remains unconnected for this instance("C:\Program1\Gowin\Gowin_V1.9.8_Education\IDE\ipcore\gowin_empu_gw1ns4\data\gowin_empu.v":0)
WARN  (EX1947) : Input port '**' remains unconnected for this instance("C:\Program1\Gowin\Gowin_V1.9.8_Education\IDE\ipcore\gowin_empu_gw1ns4\data\gowin_empu.v":0)
WARN  (EX1947) : Input port '**' remains unconnected for this instance("C:\Program1\Gowin\Gowin_V1.9.8_Education\IDE\ipcore\gowin_empu_gw1ns4\data\gowin_empu.v":0)
WARN  (EX1947) : Input port '**' remains unconnected for this instance("C:\Program1\Gowin\Gowin_V1.9.8_Education\IDE\ipcore\gowin_empu_gw1ns4\data\gowin_empu.v":0)
WARN  (EX1947) : Input port '**' remains unconnected for this instance("C:\Program1\Gowin\Gowin_V1.9.8_Education\IDE\ipcore\gowin_empu_gw1ns4\data\gowin_empu.v":0)
WARN  (EX1947) : Input port '**' remains unconnected for this instance("C:\Program1\Gowin\Gowin_V1.9.8_Education\IDE\ipcore\gowin_empu_gw1ns4\data\gowin_empu.v":0)
WARN  (EX1947) : Input port '**' remains unconnected for this instance("C:\Program1\Gowin\Gowin_V1.9.8_Education\IDE\ipcore\gowin_empu_gw1ns4\data\gowin_empu.v":0)
WARN  (EX1947) : Input port '**' remains unconnected for this instance("C:\Program1\Gowin\Gowin_V1.9.8_Education\IDE\ipcore\gowin_empu_gw1ns4\data\gowin_empu.v":0)
WARN  (EX1947) : Input port '**' remains unconnected for this instance("C:\Program1\Gowin\Gowin_V1.9.8_Education\IDE\ipcore\gowin_empu_gw1ns4\data\gowin_empu.v":0)
WARN  (EX1947) : Input port '**' remains unconnected for this instance("C:\Program1\Gowin\Gowin_V1.9.8_Education\IDE\ipcore\gowin_empu_gw1ns4\data\gowin_empu.v":0)
WARN  (EX1947) : Input port '**' remains unconnected for this instance("C:\Program1\Gowin\Gowin_V1.9.8_Education\IDE\ipcore\gowin_empu_gw1ns4\data\gowin_empu.v":0)
WARN  (EX1947) : Input port '**' remains unconnected for this instance("C:\Program1\Gowin\Gowin_V1.9.8_Education\IDE\ipcore\gowin_empu_gw1ns4\data\gowin_empu.v":0)
WARN  (EX1947) : Input port '**' remains unconnected for this instance("C:\Program1\Gowin\Gowin_V1.9.8_Education\IDE\ipcore\gowin_empu_gw1ns4\data\gowin_empu.v":0)
WARN  (EX1947) : Input port '**' remains unconnected for this instance("C:\Program1\Gowin\Gowin_V1.9.8_Education\IDE\ipcore\gowin_empu_gw1ns4\data\gowin_empu.v":0)
WARN  (EX1947) : Input port '**' remains unconnected for this instance("C:\Program1\Gowin\Gowin_V1.9.8_Education\IDE\ipcore\gowin_empu_gw1ns4\data\gowin_empu.v":0)
WARN  (EX1947) : Input port '**' remains unconnected for this instance("C:\Program1\Gowin\Gowin_V1.9.8_Education\IDE\ipcore\gowin_empu_gw1ns4\data\gowin_empu.v":0)
WARN  (EX1947) : Input port '**' remains unconnected for this instance("C:\Program1\Gowin\Gowin_V1.9.8_Education\IDE\ipcore\gowin_empu_gw1ns4\data\gowin_empu.v":0)
WARN  (EX1947) : Input port '**' remains unconnected for this instance("C:\Program1\Gowin\Gowin_V1.9.8_Education\IDE\ipcore\gowin_empu_gw1ns4\data\gowin_empu.v":0)
WARN  (EX1947) : Input port '**' remains unconnected for this instance("C:\Program1\Gowin\Gowin_V1.9.8_Education\IDE\ipcore\gowin_empu_gw1ns4\data\gowin_empu.v":0)
WARN  (EX1947) : Input port '**' remains unconnected for this instance("C:\Program1\Gowin\Gowin_V1.9.8_Education\IDE\ipcore\gowin_empu_gw1ns4\data\gowin_empu.v":0)
WARN  (EX1947) : Input port '**' remains unconnected for this instance("C:\Program1\Gowin\Gowin_V1.9.8_Education\IDE\ipcore\gowin_empu_gw1ns4\data\gowin_empu.v":0)
WARN  (EX1947) : Input port '**' remains unconnected for this instance("C:\Program1\Gowin\Gowin_V1.9.8_Education\IDE\ipcore\gowin_empu_gw1ns4\data\gowin_empu.v":0)
WARN  (EX1947) : Input port '**' remains unconnected for this instance("C:\Program1\Gowin\Gowin_V1.9.8_Education\IDE\ipcore\gowin_empu_gw1ns4\data\gowin_empu.v":0)
WARN  (EX1947) : Input port '**' remains unconnected for this instance("C:\Program1\Gowin\Gowin_V1.9.8_Education\IDE\ipcore\gowin_empu_gw1ns4\data\gowin_empu.v":0)
WARN  (EX1947) : Input port '**' remains unconnected for this instance("C:\Program1\Gowin\Gowin_V1.9.8_Education\IDE\ipcore\gowin_empu_gw1ns4\data\gowin_empu.v":0)
WARN  (EX1947) : Input port '**' remains unconnected for this instance("C:\Program1\Gowin\Gowin_V1.9.8_Education\IDE\ipcore\gowin_empu_gw1ns4\data\gowin_empu.v":0)
WARN  (EX1987) : Input port '**' is not connected on this instance("C:\Program1\Gowin\Gowin_V1.9.8_Education\IDE\ipcore\gowin_empu_gw1ns4\data\gowin_empu.v":0)
WARN  (EX1987) : Input port '**' is not connected on this instance("C:\Program1\Gowin\Gowin_V1.9.8_Education\IDE\ipcore\gowin_empu_gw1ns4\data\gowin_empu.v":0)
WARN  (EX1947) : Input port '**' remains unconnected for this instance("C:\Program1\Gowin\Gowin_V1.9.8_Education\IDE\ipcore\gowin_empu_gw1ns4\data\gowin_empu.v":0)
NOTE  (EX0101) : Current top module is "Gowin_EMPU_Top"
WARN  (EX0211) : The output port "SCLOUT" of module "gw_peripherals_interconnect" has no driver("C:\Program1\Gowin\Gowin_V1.9.8_Education\IDE\ipcore\gowin_empu_gw1ns4\data\gowin_empu.v":0)
WARN  (EX0211) : The output port "SCLOUTEN" of module "gw_peripherals_interconnect" has no driver("C:\Program1\Gowin\Gowin_V1.9.8_Education\IDE\ipcore\gowin_empu_gw1ns4\data\gowin_empu.v":0)
WARN  (EX0211) : The output port "SDAOUT" of module "gw_peripherals_interconnect" has no driver("C:\Program1\Gowin\Gowin_V1.9.8_Education\IDE\ipcore\gowin_empu_gw1ns4\data\gowin_empu.v":0)
WARN  (EX0211) : The output port "SDAOUTEN" of module "gw_peripherals_interconnect" has no driver("C:\Program1\Gowin\Gowin_V1.9.8_Education\IDE\ipcore\gowin_empu_gw1ns4\data\gowin_empu.v":0)
[5%] Running netlist conversion ...
Running device independent optimization ...
[10%] Optimizing Phase 0 completed
[15%] Optimizing Phase 1 completed
[25%] Optimizing Phase 2 completed
Running inference ...
[30%] Inferring Phase 0 completed
[40%] Inferring Phase 1 completed
[50%] Inferring Phase 2 completed
[55%] Inferring Phase 3 completed
Running technical mapping ...
[60%] Tech-Mapping Phase 0 completed
[65%] Tech-Mapping Phase 1 completed
[75%] Tech-Mapping Phase 2 completed
[80%] Tech-Mapping Phase 3 completed
[90%] Tech-Mapping Phase 4 completed
WARN  (NL0002) : The module "gw_int_apb2_decoder" instantiated to "u_gw_spi_decoder_usb" is swept in optimizing("C:\Program1\Gowin\Gowin_V1.9.8_Education\IDE\ipcore\gowin_empu_gw1ns4\data\gowin_empu.v":0)
[95%] Generate netlist file "C:\Users\17616\Desktop\test\fpga_project\src\gowin_empu\temp\gw_empu\gowin_empu.vg" completed
Generate template file "C:\Users\17616\Desktop\test\fpga_project\src\gowin_empu\temp\gw_empu\gowin_empu_tmp.v" completed
[100%] Generate report file "C:\Users\17616\Desktop\test\fpga_project\src\gowin_empu\temp\gw_empu\gowin_empu_syn.rpt.html" completed
GowinSynthesis finish
