---------------------------------------
Resource Usage Report for HyperRAM_Memory_Interface_Top 

Mapping to part: gw1nsr_4cqfn48p-7
Cell usage:
ALU             110 uses
CLKDIV          1 use
DFFC            237 uses
DFFCE           169 uses
DFFP            5 uses
DFFPE           2 uses
DHCEN           1 use
DLL             1 use
GSR             1 use
IDES4           8 uses
INV             7 uses
IODELAY         10 uses
OSER4           12 uses
SDPX9B          1 use
LUT2            206 uses
LUT3            100 uses
LUT4            242 uses

I/O ports: 112
I/O primitives: 12
IOBUF          9 uses
OBUF           3 uses

I/O Register bits:                  0
Register bits not including I/Os:   413 of 3456 (11%)

RAM/ROM usage summary
Block Rams : 1 of 10 (10%)


@S |Mapping Summary:
Total  LUTs: 548 

