NOTE:  This version of the software is not a production release. No warranty is made as to the general availability of features and functionality included in this version or described in the accompanying documentation. The final contents of a production release and its timing remain at the sole discretion of Synopsys.

Starting:    D:\Gowin\Gowin_V1.9.6.01Beta\SynplifyPro\bin64\mbin\synbatch.exe
Install:     D:\Gowin\Gowin_V1.9.6.01Beta\SynplifyPro
Hostname:    GZAE-AE-CAOJIE
Date:        Mon Aug 17 16:10:01 2020
Version:     Q-2020.03G-Beta1

Arguments:   -product synplify_pro -batch -licensetype synplifypro_gowin D:/proj/g1nsr4_goai_hyram/project/src/hyperram_memory_interface/temp/HYPERRAM/HYPERRAM.prj
ProductType: synplify_pro

License checkout: synplifypro_gowin
License: synplifypro_gowin node-locked 
Licensed Vendor: gowin

Running in Vendor Mode

auto_infer_blackbox is not supported in current product.
log file: "D:\proj\g1nsr4_goai_hyram\project\src\hyperram_memory_interface\temp\HYPERRAM\rev_1\hyperram_memory_interface.srr"
Running: rev_1 in foreground

Running HYPERRAM|rev_1

Running Flow: compile (Compile) on HYPERRAM|rev_1
# Mon Aug 17 16:10:01 2020

Running Flow: compile_flow (Compile Process) on HYPERRAM|rev_1
# Mon Aug 17 16:10:01 2020

Running: compiler (Compile Input) on HYPERRAM|rev_1
# Mon Aug 17 16:10:01 2020
Copied D:\proj\g1nsr4_goai_hyram\project\src\hyperram_memory_interface\temp\HYPERRAM\rev_1\synwork\hyperram_memory_interface_comp.srs to D:\proj\g1nsr4_goai_hyram\project\src\hyperram_memory_interface\temp\HYPERRAM\rev_1\hyperram_memory_interface.srs

compiler completed
# Mon Aug 17 16:10:03 2020

Return Code: 0
Run Time:00h:00m:02s

Running: multi_srs_gen (Multi-srs Generator) on HYPERRAM|rev_1
# Mon Aug 17 16:10:03 2020

multi_srs_gen completed
# Mon Aug 17 16:10:04 2020

Return Code: 0
Run Time:00h:00m:01s
Copied D:\proj\g1nsr4_goai_hyram\project\src\hyperram_memory_interface\temp\HYPERRAM\rev_1\synwork\hyperram_memory_interface_mult.srs to D:\proj\g1nsr4_goai_hyram\project\src\hyperram_memory_interface\temp\HYPERRAM\rev_1\hyperram_memory_interface.srs
Complete: Compile Process on HYPERRAM|rev_1

Running: premap (Premap) on HYPERRAM|rev_1
# Mon Aug 17 16:10:04 2020

premap completed
# Mon Aug 17 16:10:06 2020

Return Code: 0
Run Time:00h:00m:02s
Complete: Compile on HYPERRAM|rev_1

Running Flow: map (Map) on HYPERRAM|rev_1
# Mon Aug 17 16:10:06 2020

Running: fpga_mapper (Map & Optimize) on HYPERRAM|rev_1
# Mon Aug 17 16:10:06 2020
Copied D:\proj\g1nsr4_goai_hyram\project\src\hyperram_memory_interface\temp\HYPERRAM\rev_1\synwork\hyperram_memory_interface_m.srm to D:\proj\g1nsr4_goai_hyram\project\src\hyperram_memory_interface\temp\HYPERRAM\rev_1\hyperram_memory_interface.srm

fpga_mapper completed with warnings
# Mon Aug 17 16:10:12 2020

Return Code: 1
Run Time:00h:00m:06s
Complete: Map on HYPERRAM|rev_1
Complete: Logic Synthesis on HYPERRAM|rev_1
exit status=0
exit status=0
License checkin: synplifypro_gowin
